[2023-07-21 23:24:59,426] ERROR Topic 'mysql_users' does not exist. If you want to create a new topic for the stream/table please re-run the statement providing the required 'PARTITIONS' configuration in the WITH clause (and optionally 'REPLICAS'). For example: CREATE STREAM SOURCE (UID INTEGER, NAME STRING) WITH (KAFKA_TOPIC='mysql_users', KEY_FORMAT='KAFKA', PARTITIONS=2, VALUE_FORMAT='JSON'); (io.confluent.ksql.cli.console.Console:349)
[2023-07-21 23:28:06,448] ERROR An error occurred while running a command. Error = line 1:6: Syntax error at line 1:6 (io.confluent.ksql.cli.Cli:320)
io.confluent.ksql.parser.exception.ParseFailedException: line 1:6: Syntax error at line 1:6
	at io.confluent.ksql.parser.DefaultKsqlParser.parse(DefaultKsqlParser.java:56)
	at io.confluent.ksql.cli.Cli.handleStatements(Cli.java:482)
	at io.confluent.ksql.cli.Cli.handleLine(Cli.java:423)
	at io.confluent.ksql.cli.Cli.runInteractively(Cli.java:314)
	at io.confluent.ksql.Ksql.run(Ksql.java:134)
	at io.confluent.ksql.Ksql.main(Ksql.java:79)
Caused by: io.confluent.ksql.parser.ParsingException: line 1:6: Syntax error at line 1:6
	at io.confluent.ksql.parser.SyntaxErrorValidator.syntaxError(SyntaxErrorValidator.java:162)
	at org.antlr.v4.runtime.ProxyErrorListener.syntaxError(ProxyErrorListener.java:41)
	at org.antlr.v4.runtime.Parser.notifyErrorListeners(Parser.java:544)
	at org.antlr.v4.runtime.DefaultErrorStrategy.reportNoViableAlternative(DefaultErrorStrategy.java:310)
	at org.antlr.v4.runtime.DefaultErrorStrategy.reportError(DefaultErrorStrategy.java:136)
	at io.confluent.ksql.parser.SqlBaseParser.statement(SqlBaseParser.java:2526)
	at io.confluent.ksql.parser.SqlBaseParser.singleStatement(SqlBaseParser.java:377)
	at io.confluent.ksql.parser.SqlBaseParser.statements(SqlBaseParser.java:240)
	at io.confluent.ksql.parser.DefaultKsqlParser.getParseTree(DefaultKsqlParser.java:121)
	at io.confluent.ksql.parser.DefaultKsqlParser.parse(DefaultKsqlParser.java:45)
	... 5 more
[2023-07-21 23:28:06,451] ERROR io.confluent.ksql.parser.exception.ParseFailedException: line 1:6: Syntax error at line 1:6 (io.confluent.ksql.cli.console.Console:349)
[2023-07-21 23:45:48,929] ERROR An error occurred while running a command. Error = line 1:10: Syntax error at line 1:10 (io.confluent.ksql.cli.Cli:320)
io.confluent.ksql.parser.exception.ParseFailedException: line 1:10: Syntax error at line 1:10
	at io.confluent.ksql.parser.DefaultKsqlParser.parse(DefaultKsqlParser.java:56)
	at io.confluent.ksql.cli.Cli.handleStatements(Cli.java:482)
	at io.confluent.ksql.cli.Cli.handleLine(Cli.java:423)
	at io.confluent.ksql.cli.Cli.runInteractively(Cli.java:314)
	at io.confluent.ksql.Ksql.run(Ksql.java:134)
	at io.confluent.ksql.Ksql.main(Ksql.java:79)
Caused by: io.confluent.ksql.parser.ParsingException: line 1:10: Syntax error at line 1:10
	at io.confluent.ksql.parser.SyntaxErrorValidator.syntaxError(SyntaxErrorValidator.java:162)
	at org.antlr.v4.runtime.ProxyErrorListener.syntaxError(ProxyErrorListener.java:41)
	at org.antlr.v4.runtime.Parser.notifyErrorListeners(Parser.java:544)
	at org.antlr.v4.runtime.DefaultErrorStrategy.reportInputMismatch(DefaultErrorStrategy.java:327)
	at org.antlr.v4.runtime.DefaultErrorStrategy.reportError(DefaultErrorStrategy.java:139)
	at io.confluent.ksql.parser.SqlBaseParser.query(SqlBaseParser.java:3160)
	at io.confluent.ksql.parser.SqlBaseParser.statement(SqlBaseParser.java:1415)
	at io.confluent.ksql.parser.SqlBaseParser.singleStatement(SqlBaseParser.java:377)
	at io.confluent.ksql.parser.SqlBaseParser.statements(SqlBaseParser.java:240)
	at io.confluent.ksql.parser.DefaultKsqlParser.getParseTree(DefaultKsqlParser.java:121)
	at io.confluent.ksql.parser.DefaultKsqlParser.parse(DefaultKsqlParser.java:45)
	... 5 more
[2023-07-21 23:45:48,930] ERROR io.confluent.ksql.parser.exception.ParseFailedException: line 1:10: Syntax error at line 1:10 (io.confluent.ksql.cli.console.Console:349)
