[2023-07-22 21:09:41,643] ERROR An error occurred while running a command. Error = line 1:262: Syntax error at line 1:262 (io.confluent.ksql.cli.Cli:320)
io.confluent.ksql.parser.exception.ParseFailedException: line 1:262: Syntax error at line 1:262
	at io.confluent.ksql.parser.DefaultKsqlParser.parse(DefaultKsqlParser.java:56)
	at io.confluent.ksql.cli.Cli.handleStatements(Cli.java:482)
	at io.confluent.ksql.cli.Cli.handleLine(Cli.java:423)
	at io.confluent.ksql.cli.Cli.runInteractively(Cli.java:314)
	at io.confluent.ksql.Ksql.run(Ksql.java:134)
	at io.confluent.ksql.Ksql.main(Ksql.java:79)
Caused by: io.confluent.ksql.parser.ParsingException: line 1:262: Syntax error at line 1:262
	at io.confluent.ksql.parser.SyntaxErrorValidator.syntaxError(SyntaxErrorValidator.java:162)
	at org.antlr.v4.runtime.ProxyErrorListener.syntaxError(ProxyErrorListener.java:41)
	at org.antlr.v4.runtime.Parser.notifyErrorListeners(Parser.java:544)
	at org.antlr.v4.runtime.DefaultErrorStrategy.reportInputMismatch(DefaultErrorStrategy.java:327)
	at org.antlr.v4.runtime.DefaultErrorStrategy.reportError(DefaultErrorStrategy.java:139)
	at io.confluent.ksql.parser.SqlBaseParser.identifier(SqlBaseParser.java:8318)
	at io.confluent.ksql.parser.SqlBaseParser.tableElement(SqlBaseParser.java:3441)
	at io.confluent.ksql.parser.SqlBaseParser.tableElements(SqlBaseParser.java:3382)
	at io.confluent.ksql.parser.SqlBaseParser.statement(SqlBaseParser.java:1920)
	at io.confluent.ksql.parser.SqlBaseParser.singleStatement(SqlBaseParser.java:377)
	at io.confluent.ksql.parser.SqlBaseParser.statements(SqlBaseParser.java:240)
	at io.confluent.ksql.parser.DefaultKsqlParser.getParseTree(DefaultKsqlParser.java:121)
	at io.confluent.ksql.parser.DefaultKsqlParser.parse(DefaultKsqlParser.java:45)
	... 5 more
[2023-07-22 21:09:41,649] ERROR io.confluent.ksql.parser.exception.ParseFailedException: line 1:262: Syntax error at line 1:262 (io.confluent.ksql.cli.console.Console:349)
[2023-07-22 21:10:03,111] ERROR An error occurred while running a command. Error = line 1:6: Syntax error at line 1:6 (io.confluent.ksql.cli.Cli:320)
io.confluent.ksql.parser.exception.ParseFailedException: line 1:6: Syntax error at line 1:6
	at io.confluent.ksql.parser.DefaultKsqlParser.parse(DefaultKsqlParser.java:56)
	at io.confluent.ksql.cli.Cli.handleStatements(Cli.java:482)
	at io.confluent.ksql.cli.Cli.handleLine(Cli.java:423)
	at io.confluent.ksql.cli.Cli.runInteractively(Cli.java:314)
	at io.confluent.ksql.Ksql.run(Ksql.java:134)
	at io.confluent.ksql.Ksql.main(Ksql.java:79)
Caused by: io.confluent.ksql.parser.ParsingException: line 1:6: Syntax error at line 1:6
	at io.confluent.ksql.parser.SyntaxErrorValidator.syntaxError(SyntaxErrorValidator.java:162)
	at org.antlr.v4.runtime.ProxyErrorListener.syntaxError(ProxyErrorListener.java:41)
	at org.antlr.v4.runtime.Parser.notifyErrorListeners(Parser.java:544)
	at org.antlr.v4.runtime.DefaultErrorStrategy.reportNoViableAlternative(DefaultErrorStrategy.java:310)
	at org.antlr.v4.runtime.DefaultErrorStrategy.reportError(DefaultErrorStrategy.java:136)
	at io.confluent.ksql.parser.SqlBaseParser.statement(SqlBaseParser.java:2526)
	at io.confluent.ksql.parser.SqlBaseParser.singleStatement(SqlBaseParser.java:377)
	at io.confluent.ksql.parser.SqlBaseParser.statements(SqlBaseParser.java:240)
	at io.confluent.ksql.parser.DefaultKsqlParser.getParseTree(DefaultKsqlParser.java:121)
	at io.confluent.ksql.parser.DefaultKsqlParser.parse(DefaultKsqlParser.java:45)
	... 5 more
[2023-07-22 21:10:03,111] ERROR io.confluent.ksql.parser.exception.ParseFailedException: line 1:6: Syntax error at line 1:6 (io.confluent.ksql.cli.console.Console:349)
[2023-07-22 21:10:20,527] ERROR Could not find STREAM/TABLE 'JSON_DATA' in the Metastore (io.confluent.ksql.cli.console.Console:349)
[2023-07-22 21:40:14,323] ERROR Cannot drop SOURCE.
The following streams and/or tables read from this source: [TARGET_AVRO].
You need to drop them before dropping SOURCE. (io.confluent.ksql.cli.console.Console:349)
[2023-07-22 21:50:03,490] ERROR An error occurred while running a command. Error = line 1:26: Syntax error at line 1:26 (io.confluent.ksql.cli.Cli:320)
io.confluent.ksql.parser.exception.ParseFailedException: line 1:26: Syntax error at line 1:26
	at io.confluent.ksql.parser.DefaultKsqlParser.parse(DefaultKsqlParser.java:56)
	at io.confluent.ksql.cli.Cli.handleStatements(Cli.java:482)
	at io.confluent.ksql.cli.Cli.handleLine(Cli.java:423)
	at io.confluent.ksql.cli.Cli.runInteractively(Cli.java:314)
	at io.confluent.ksql.Ksql.run(Ksql.java:134)
	at io.confluent.ksql.Ksql.main(Ksql.java:79)
Caused by: io.confluent.ksql.parser.ParsingException: line 1:26: Syntax error at line 1:26
	at io.confluent.ksql.parser.SyntaxErrorValidator.syntaxError(SyntaxErrorValidator.java:162)
	at org.antlr.v4.runtime.ProxyErrorListener.syntaxError(ProxyErrorListener.java:41)
	at org.antlr.v4.runtime.Parser.notifyErrorListeners(Parser.java:544)
	at org.antlr.v4.runtime.DefaultErrorStrategy.reportMissingToken(DefaultErrorStrategy.java:409)
	at org.antlr.v4.runtime.DefaultErrorStrategy.singleTokenInsertion(DefaultErrorStrategy.java:519)
	at org.antlr.v4.runtime.DefaultErrorStrategy.recoverInline(DefaultErrorStrategy.java:476)
	at org.antlr.v4.runtime.Parser.match(Parser.java:206)
	at io.confluent.ksql.parser.SqlBaseParser.alterOption(SqlBaseParser.java:3308)
	at io.confluent.ksql.parser.SqlBaseParser.statement(SqlBaseParser.java:2401)
	at io.confluent.ksql.parser.SqlBaseParser.singleStatement(SqlBaseParser.java:377)
	at io.confluent.ksql.parser.SqlBaseParser.statements(SqlBaseParser.java:240)
	at io.confluent.ksql.parser.DefaultKsqlParser.getParseTree(DefaultKsqlParser.java:121)
	at io.confluent.ksql.parser.DefaultKsqlParser.parse(DefaultKsqlParser.java:45)
	... 5 more
[2023-07-22 21:50:03,492] ERROR io.confluent.ksql.parser.exception.ParseFailedException: line 1:26: Syntax error at line 1:26 (io.confluent.ksql.cli.console.Console:349)
[2023-07-22 21:50:09,045] ERROR An error occurred while running a command. Error = line 1:26: Syntax error at line 1:26 (io.confluent.ksql.cli.Cli:320)
io.confluent.ksql.parser.exception.ParseFailedException: line 1:26: Syntax error at line 1:26
	at io.confluent.ksql.parser.DefaultKsqlParser.parse(DefaultKsqlParser.java:56)
	at io.confluent.ksql.cli.Cli.handleStatements(Cli.java:482)
	at io.confluent.ksql.cli.Cli.handleLine(Cli.java:423)
	at io.confluent.ksql.cli.Cli.runInteractively(Cli.java:314)
	at io.confluent.ksql.Ksql.run(Ksql.java:134)
	at io.confluent.ksql.Ksql.main(Ksql.java:79)
Caused by: io.confluent.ksql.parser.ParsingException: line 1:26: Syntax error at line 1:26
	at io.confluent.ksql.parser.SyntaxErrorValidator.syntaxError(SyntaxErrorValidator.java:162)
	at org.antlr.v4.runtime.ProxyErrorListener.syntaxError(ProxyErrorListener.java:41)
	at org.antlr.v4.runtime.Parser.notifyErrorListeners(Parser.java:544)
	at org.antlr.v4.runtime.DefaultErrorStrategy.reportMissingToken(DefaultErrorStrategy.java:409)
	at org.antlr.v4.runtime.DefaultErrorStrategy.singleTokenInsertion(DefaultErrorStrategy.java:519)
	at org.antlr.v4.runtime.DefaultErrorStrategy.recoverInline(DefaultErrorStrategy.java:476)
	at org.antlr.v4.runtime.Parser.match(Parser.java:206)
	at io.confluent.ksql.parser.SqlBaseParser.alterOption(SqlBaseParser.java:3308)
	at io.confluent.ksql.parser.SqlBaseParser.statement(SqlBaseParser.java:2401)
	at io.confluent.ksql.parser.SqlBaseParser.singleStatement(SqlBaseParser.java:377)
	at io.confluent.ksql.parser.SqlBaseParser.statements(SqlBaseParser.java:240)
	at io.confluent.ksql.parser.DefaultKsqlParser.getParseTree(DefaultKsqlParser.java:121)
	at io.confluent.ksql.parser.DefaultKsqlParser.parse(DefaultKsqlParser.java:45)
	... 5 more
[2023-07-22 21:50:09,046] ERROR io.confluent.ksql.parser.exception.ParseFailedException: line 1:26: Syntax error at line 1:26 (io.confluent.ksql.cli.console.Console:349)
[2023-07-22 21:52:02,977] ERROR An error occurred while running a command. Error = line 1:1: Syntax error at line 1:1 (io.confluent.ksql.cli.Cli:320)
io.confluent.ksql.parser.exception.ParseFailedException: line 1:1: Syntax error at line 1:1
	at io.confluent.ksql.parser.DefaultKsqlParser.parse(DefaultKsqlParser.java:56)
	at io.confluent.ksql.cli.Cli.handleStatements(Cli.java:482)
	at io.confluent.ksql.cli.Cli.handleLine(Cli.java:423)
	at io.confluent.ksql.cli.Cli.runInteractively(Cli.java:314)
	at io.confluent.ksql.Ksql.run(Ksql.java:134)
	at io.confluent.ksql.Ksql.main(Ksql.java:79)
Caused by: io.confluent.ksql.parser.ParsingException: line 1:1: Syntax error at line 1:1
	at io.confluent.ksql.parser.SyntaxErrorValidator.syntaxError(SyntaxErrorValidator.java:162)
	at org.antlr.v4.runtime.ProxyErrorListener.syntaxError(ProxyErrorListener.java:41)
	at org.antlr.v4.runtime.Parser.notifyErrorListeners(Parser.java:544)
	at org.antlr.v4.runtime.DefaultErrorStrategy.reportInputMismatch(DefaultErrorStrategy.java:327)
	at org.antlr.v4.runtime.DefaultErrorStrategy.reportError(DefaultErrorStrategy.java:139)
	at io.confluent.ksql.parser.SqlBaseParser.statements(SqlBaseParser.java:253)
	at io.confluent.ksql.parser.DefaultKsqlParser.getParseTree(DefaultKsqlParser.java:121)
	at io.confluent.ksql.parser.DefaultKsqlParser.parse(DefaultKsqlParser.java:45)
	... 5 more
[2023-07-22 21:52:02,978] ERROR io.confluent.ksql.parser.exception.ParseFailedException: line 1:1: Syntax error at line 1:1 (io.confluent.ksql.cli.console.Console:349)
[2023-07-22 21:57:50,529] ERROR Stream SOURCE_DEFAULT_DATA does not exist. (io.confluent.ksql.cli.console.Console:349)
[2023-07-22 22:22:00,231] ERROR An error occurred while running a command. Error = [5] Input/output error (io.confluent.ksql.cli.Cli:320)
com.sun.jna.LastErrorException: [5] Input/output error
	at com.sun.jna.Native.invokeVoid(Native Method)
	at com.sun.jna.Function.invoke(Function.java:415)
	at com.sun.jna.Function.invoke(Function.java:361)
	at com.sun.jna.Library$Handler.invoke(Library.java:265)
	at com.sun.proxy.$Proxy10.tcgetattr(Unknown Source)
	at org.jline.terminal.impl.jna.linux.LinuxNativePty.doSetAttr(LinuxNativePty.java:84)
	at org.jline.terminal.impl.AbstractPty.setAttr(AbstractPty.java:29)
	at org.jline.terminal.impl.AbstractPosixTerminal.setAttributes(AbstractPosixTerminal.java:52)
	at org.jline.reader.impl.LineReaderImpl.readLine(LineReaderImpl.java:716)
	at org.jline.reader.impl.LineReaderImpl.readLine(LineReaderImpl.java:455)
	at io.confluent.ksql.cli.console.JLineReader.readLine(JLineReader.java:70)
	at io.confluent.ksql.cli.console.JLineTerminal.readLine(JLineTerminal.java:107)
	at io.confluent.ksql.cli.console.Console.nextNonCliCommand(Console.java:330)
	at io.confluent.ksql.cli.Cli.nextNonCliCommand(Cli.java:436)
	at io.confluent.ksql.cli.Cli.runInteractively(Cli.java:314)
	at io.confluent.ksql.Ksql.run(Ksql.java:134)
	at io.confluent.ksql.Ksql.main(Ksql.java:79)
[2023-07-22 22:22:00,257] ERROR com.sun.jna.LastErrorException: [5] Input/output error (io.confluent.ksql.cli.console.Console:349)
[2023-07-22 22:22:00,264] ERROR An error occurred while running a command. Error = null (io.confluent.ksql.cli.Cli:320)
java.lang.IllegalStateException
	at org.jline.reader.impl.LineReaderImpl.readLine(LineReaderImpl.java:540)
	at org.jline.reader.impl.LineReaderImpl.readLine(LineReaderImpl.java:455)
	at io.confluent.ksql.cli.console.JLineReader.readLine(JLineReader.java:70)
	at io.confluent.ksql.cli.console.JLineTerminal.readLine(JLineTerminal.java:107)
	at io.confluent.ksql.cli.console.Console.nextNonCliCommand(Console.java:330)
	at io.confluent.ksql.cli.Cli.nextNonCliCommand(Cli.java:436)
	at io.confluent.ksql.cli.Cli.runInteractively(Cli.java:314)
	at io.confluent.ksql.Ksql.run(Ksql.java:134)
	at io.confluent.ksql.Ksql.main(Ksql.java:79)
[2023-07-22 22:22:00,274] ERROR java.lang.IllegalStateException (io.confluent.ksql.cli.console.Console:349)
[2023-07-22 22:22:00,275] ERROR An error occurred while running a command. Error = null (io.confluent.ksql.cli.Cli:320)
java.lang.IllegalStateException
	at org.jline.reader.impl.LineReaderImpl.readLine(LineReaderImpl.java:540)
	at org.jline.reader.impl.LineReaderImpl.readLine(LineReaderImpl.java:455)
	at io.confluent.ksql.cli.console.JLineReader.readLine(JLineReader.java:70)
	at io.confluent.ksql.cli.console.JLineTerminal.readLine(JLineTerminal.java:107)
	at io.confluent.ksql.cli.console.Console.nextNonCliCommand(Console.java:330)
	at io.confluent.ksql.cli.Cli.nextNonCliCommand(Cli.java:436)
	at io.confluent.ksql.cli.Cli.runInteractively(Cli.java:314)
	at io.confluent.ksql.Ksql.run(Ksql.java:134)
	at io.confluent.ksql.Ksql.main(Ksql.java:79)
[2023-07-22 22:22:00,277] ERROR java.lang.IllegalStateException (io.confluent.ksql.cli.console.Console:349)
[2023-07-22 22:22:00,277] ERROR An error occurred while running a command. Error = null (io.confluent.ksql.cli.Cli:320)
java.lang.IllegalStateException
	at org.jline.reader.impl.LineReaderImpl.readLine(LineReaderImpl.java:540)
	at org.jline.reader.impl.LineReaderImpl.readLine(LineReaderImpl.java:455)
	at io.confluent.ksql.cli.console.JLineReader.readLine(JLineReader.java:70)
	at io.confluent.ksql.cli.console.JLineTerminal.readLine(JLineTerminal.java:107)
	at io.confluent.ksql.cli.console.Console.nextNonCliCommand(Console.java:330)
	at io.confluent.ksql.cli.Cli.nextNonCliCommand(Cli.java:436)
	at io.confluent.ksql.cli.Cli.runInteractively(Cli.java:314)
	at io.confluent.ksql.Ksql.run(Ksql.java:134)
	at io.confluent.ksql.Ksql.main(Ksql.java:79)
[2023-07-22 22:22:00,281] ERROR java.lang.IllegalStateException (io.confluent.ksql.cli.console.Console:349)
[2023-07-22 22:22:00,281] ERROR An error occurred while running a command. Error = null (io.confluent.ksql.cli.Cli:320)
java.lang.IllegalStateException
	at org.jline.reader.impl.LineReaderImpl.readLine(LineReaderImpl.java:540)
	at org.jline.reader.impl.LineReaderImpl.readLine(LineReaderImpl.java:455)
	at io.confluent.ksql.cli.console.JLineReader.readLine(JLineReader.java:70)
	at io.confluent.ksql.cli.console.JLineTerminal.readLine(JLineTerminal.java:107)
	at io.confluent.ksql.cli.console.Console.nextNonCliCommand(Console.java:330)
	at io.confluent.ksql.cli.Cli.nextNonCliCommand(Cli.java:436)
	at io.confluent.ksql.cli.Cli.runInteractively(Cli.java:314)
	at io.confluent.ksql.Ksql.run(Ksql.java:134)
	at io.confluent.ksql.Ksql.main(Ksql.java:79)
[2023-07-22 22:22:00,283] ERROR java.lang.IllegalStateException (io.confluent.ksql.cli.console.Console:349)
[2023-07-22 22:22:00,283] ERROR An error occurred while running a command. Error = null (io.confluent.ksql.cli.Cli:320)
java.lang.IllegalStateException
	at org.jline.reader.impl.LineReaderImpl.readLine(LineReaderImpl.java:540)
	at org.jline.reader.impl.LineReaderImpl.readLine(LineReaderImpl.java:455)
	at io.confluent.ksql.cli.console.JLineReader.readLine(JLineReader.java:70)
	at io.confluent.ksql.cli.console.JLineTerminal.readLine(JLineTerminal.java:107)
	at io.confluent.ksql.cli.console.Console.nextNonCliCommand(Console.java:330)
	at io.confluent.ksql.cli.Cli.nextNonCliCommand(Cli.java:436)
	at io.confluent.ksql.cli.Cli.runInteractively(Cli.java:314)
	at io.confluent.ksql.Ksql.run(Ksql.java:134)
	at io.confluent.ksql.Ksql.main(Ksql.java:79)
[2023-07-22 22:22:00,285] ERROR java.lang.IllegalStateException (io.confluent.ksql.cli.console.Console:349)
[2023-07-22 22:22:00,287] ERROR An error occurred while running a command. Error = null (io.confluent.ksql.cli.Cli:320)
java.lang.IllegalStateException
	at org.jline.reader.impl.LineReaderImpl.readLine(LineReaderImpl.java:540)
	at org.jline.reader.impl.LineReaderImpl.readLine(LineReaderImpl.java:455)
	at io.confluent.ksql.cli.console.JLineReader.readLine(JLineReader.java:70)
	at io.confluent.ksql.cli.console.JLineTerminal.readLine(JLineTerminal.java:107)
	at io.confluent.ksql.cli.console.Console.nextNonCliCommand(Console.java:330)
	at io.confluent.ksql.cli.Cli.nextNonCliCommand(Cli.java:436)
	at io.confluent.ksql.cli.Cli.runInteractively(Cli.java:314)
	at io.confluent.ksql.Ksql.run(Ksql.java:134)
	at io.confluent.ksql.Ksql.main(Ksql.java:79)
[2023-07-22 22:22:00,291] ERROR java.lang.IllegalStateException (io.confluent.ksql.cli.console.Console:349)
[2023-07-22 22:22:00,302] ERROR An error occurred while running a command. Error = null (io.confluent.ksql.cli.Cli:320)
java.lang.IllegalStateException
	at org.jline.reader.impl.LineReaderImpl.readLine(LineReaderImpl.java:540)
	at org.jline.reader.impl.LineReaderImpl.readLine(LineReaderImpl.java:455)
	at io.confluent.ksql.cli.console.JLineReader.readLine(JLineReader.java:70)
	at io.confluent.ksql.cli.console.JLineTerminal.readLine(JLineTerminal.java:107)
	at io.confluent.ksql.cli.console.Console.nextNonCliCommand(Console.java:330)
	at io.confluent.ksql.cli.Cli.nextNonCliCommand(Cli.java:436)
	at io.confluent.ksql.cli.Cli.runInteractively(Cli.java:314)
	at io.confluent.ksql.Ksql.run(Ksql.java:134)
	at io.confluent.ksql.Ksql.main(Ksql.java:79)
[2023-07-22 22:22:00,304] ERROR java.lang.IllegalStateException (io.confluent.ksql.cli.console.Console:349)
[2023-07-22 22:22:00,305] ERROR An error occurred while running a command. Error = null (io.confluent.ksql.cli.Cli:320)
java.lang.IllegalStateException
	at org.jline.reader.impl.LineReaderImpl.readLine(LineReaderImpl.java:540)
	at org.jline.reader.impl.LineReaderImpl.readLine(LineReaderImpl.java:455)
	at io.confluent.ksql.cli.console.JLineReader.readLine(JLineReader.java:70)
	at io.confluent.ksql.cli.console.JLineTerminal.readLine(JLineTerminal.java:107)
	at io.confluent.ksql.cli.console.Console.nextNonCliCommand(Console.java:330)
	at io.confluent.ksql.cli.Cli.nextNonCliCommand(Cli.java:436)
	at io.confluent.ksql.cli.Cli.runInteractively(Cli.java:314)
	at io.confluent.ksql.Ksql.run(Ksql.java:134)
	at io.confluent.ksql.Ksql.main(Ksql.java:79)
[2023-07-22 22:22:00,310] ERROR java.lang.IllegalStateException (io.confluent.ksql.cli.console.Console:349)
[2023-07-22 22:22:00,311] ERROR An error occurred while running a command. Error = null (io.confluent.ksql.cli.Cli:320)
java.lang.IllegalStateException
	at org.jline.reader.impl.LineReaderImpl.readLine(LineReaderImpl.java:540)
	at org.jline.reader.impl.LineReaderImpl.readLine(LineReaderImpl.java:455)
	at io.confluent.ksql.cli.console.JLineReader.readLine(JLineReader.java:70)
	at io.confluent.ksql.cli.console.JLineTerminal.readLine(JLineTerminal.java:107)
	at io.confluent.ksql.cli.console.Console.nextNonCliCommand(Console.java:330)
	at io.confluent.ksql.cli.Cli.nextNonCliCommand(Cli.java:436)
	at io.confluent.ksql.cli.Cli.runInteractively(Cli.java:314)
	at io.confluent.ksql.Ksql.run(Ksql.java:134)
	at io.confluent.ksql.Ksql.main(Ksql.java:79)
[2023-07-22 22:22:00,312] ERROR java.lang.IllegalStateException (io.confluent.ksql.cli.console.Console:349)
[2023-07-22 22:22:00,313] ERROR An error occurred while running a command. Error = null (io.confluent.ksql.cli.Cli:320)
java.lang.IllegalStateException
	at org.jline.reader.impl.LineReaderImpl.readLine(LineReaderImpl.java:540)
	at org.jline.reader.impl.LineReaderImpl.readLine(LineReaderImpl.java:455)
	at io.confluent.ksql.cli.console.JLineReader.readLine(JLineReader.java:70)
	at io.confluent.ksql.cli.console.JLineTerminal.readLine(JLineTerminal.java:107)
	at io.confluent.ksql.cli.console.Console.nextNonCliCommand(Console.java:330)
	at io.confluent.ksql.cli.Cli.nextNonCliCommand(Cli.java:436)
	at io.confluent.ksql.cli.Cli.runInteractively(Cli.java:314)
	at io.confluent.ksql.Ksql.run(Ksql.java:134)
	at io.confluent.ksql.Ksql.main(Ksql.java:79)
[2023-07-22 22:22:00,319] ERROR java.lang.IllegalStateException (io.confluent.ksql.cli.console.Console:349)
[2023-07-22 22:22:00,320] ERROR An error occurred while running a command. Error = null (io.confluent.ksql.cli.Cli:320)
java.lang.IllegalStateException
	at org.jline.reader.impl.LineReaderImpl.readLine(LineReaderImpl.java:540)
	at org.jline.reader.impl.LineReaderImpl.readLine(LineReaderImpl.java:455)
	at io.confluent.ksql.cli.console.JLineReader.readLine(JLineReader.java:70)
	at io.confluent.ksql.cli.console.JLineTerminal.readLine(JLineTerminal.java:107)
	at io.confluent.ksql.cli.console.Console.nextNonCliCommand(Console.java:330)
	at io.confluent.ksql.cli.Cli.nextNonCliCommand(Cli.java:436)
	at io.confluent.ksql.cli.Cli.runInteractively(Cli.java:314)
	at io.confluent.ksql.Ksql.run(Ksql.java:134)
	at io.confluent.ksql.Ksql.main(Ksql.java:79)
[2023-07-22 22:22:00,323] ERROR java.lang.IllegalStateException (io.confluent.ksql.cli.console.Console:349)
[2023-07-22 22:22:00,323] ERROR An error occurred while running a command. Error = null (io.confluent.ksql.cli.Cli:320)
java.lang.IllegalStateException
	at org.jline.reader.impl.LineReaderImpl.readLine(LineReaderImpl.java:540)
	at org.jline.reader.impl.LineReaderImpl.readLine(LineReaderImpl.java:455)
	at io.confluent.ksql.cli.console.JLineReader.readLine(JLineReader.java:70)
	at io.confluent.ksql.cli.console.JLineTerminal.readLine(JLineTerminal.java:107)
	at io.confluent.ksql.cli.console.Console.nextNonCliCommand(Console.java:330)
	at io.confluent.ksql.cli.Cli.nextNonCliCommand(Cli.java:436)
	at io.confluent.ksql.cli.Cli.runInteractively(Cli.java:314)
	at io.confluent.ksql.Ksql.run(Ksql.java:134)
	at io.confluent.ksql.Ksql.main(Ksql.java:79)
[2023-07-22 22:22:00,324] ERROR java.lang.IllegalStateException (io.confluent.ksql.cli.console.Console:349)
[2023-07-22 22:22:00,325] ERROR An error occurred while running a command. Error = null (io.confluent.ksql.cli.Cli:320)
java.lang.IllegalStateException
	at org.jline.reader.impl.LineReaderImpl.readLine(LineReaderImpl.java:540)
	at org.jline.reader.impl.LineReaderImpl.readLine(LineReaderImpl.java:455)
	at io.confluent.ksql.cli.console.JLineReader.readLine(JLineReader.java:70)
	at io.confluent.ksql.cli.console.JLineTerminal.readLine(JLineTerminal.java:107)
	at io.confluent.ksql.cli.console.Console.nextNonCliCommand(Console.java:330)
	at io.confluent.ksql.cli.Cli.nextNonCliCommand(Cli.java:436)
	at io.confluent.ksql.cli.Cli.runInteractively(Cli.java:314)
	at io.confluent.ksql.Ksql.run(Ksql.java:134)
	at io.confluent.ksql.Ksql.main(Ksql.java:79)
[2023-07-22 22:22:00,329] ERROR java.lang.IllegalStateException (io.confluent.ksql.cli.console.Console:349)
[2023-07-22 22:22:00,329] ERROR An error occurred while running a command. Error = null (io.confluent.ksql.cli.Cli:320)
java.lang.IllegalStateException
	at org.jline.reader.impl.LineReaderImpl.readLine(LineReaderImpl.java:540)
	at org.jline.reader.impl.LineReaderImpl.readLine(LineReaderImpl.java:455)
	at io.confluent.ksql.cli.console.JLineReader.readLine(JLineReader.java:70)
	at io.confluent.ksql.cli.console.JLineTerminal.readLine(JLineTerminal.java:107)
	at io.confluent.ksql.cli.console.Console.nextNonCliCommand(Console.java:330)
	at io.confluent.ksql.cli.Cli.nextNonCliCommand(Cli.java:436)
	at io.confluent.ksql.cli.Cli.runInteractively(Cli.java:314)
	at io.confluent.ksql.Ksql.run(Ksql.java:134)
	at io.confluent.ksql.Ksql.main(Ksql.java:79)
[2023-07-22 22:22:00,330] ERROR java.lang.IllegalStateException (io.confluent.ksql.cli.console.Console:349)
[2023-07-22 22:22:00,330] ERROR An error occurred while running a command. Error = null (io.confluent.ksql.cli.Cli:320)
java.lang.IllegalStateException
	at org.jline.reader.impl.LineReaderImpl.readLine(LineReaderImpl.java:540)
	at org.jline.reader.impl.LineReaderImpl.readLine(LineReaderImpl.java:455)
	at io.confluent.ksql.cli.console.JLineReader.readLine(JLineReader.java:70)
	at io.confluent.ksql.cli.console.JLineTerminal.readLine(JLineTerminal.java:107)
	at io.confluent.ksql.cli.console.Console.nextNonCliCommand(Console.java:330)
	at io.confluent.ksql.cli.Cli.nextNonCliCommand(Cli.java:436)
	at io.confluent.ksql.cli.Cli.runInteractively(Cli.java:314)
	at io.confluent.ksql.Ksql.run(Ksql.java:134)
	at io.confluent.ksql.Ksql.main(Ksql.java:79)
[2023-07-22 22:22:00,331] ERROR java.lang.IllegalStateException (io.confluent.ksql.cli.console.Console:349)
[2023-07-22 22:22:00,331] ERROR An error occurred while running a command. Error = null (io.confluent.ksql.cli.Cli:320)
java.lang.IllegalStateException
	at org.jline.reader.impl.LineReaderImpl.readLine(LineReaderImpl.java:540)
	at org.jline.reader.impl.LineReaderImpl.readLine(LineReaderImpl.java:455)
	at io.confluent.ksql.cli.console.JLineReader.readLine(JLineReader.java:70)
	at io.confluent.ksql.cli.console.JLineTerminal.readLine(JLineTerminal.java:107)
	at io.confluent.ksql.cli.console.Console.nextNonCliCommand(Console.java:330)
	at io.confluent.ksql.cli.Cli.nextNonCliCommand(Cli.java:436)
	at io.confluent.ksql.cli.Cli.runInteractively(Cli.java:314)
	at io.confluent.ksql.Ksql.run(Ksql.java:134)
	at io.confluent.ksql.Ksql.main(Ksql.java:79)
[2023-07-22 22:22:00,333] ERROR java.lang.IllegalStateException (io.confluent.ksql.cli.console.Console:349)
[2023-07-22 22:22:00,333] ERROR An error occurred while running a command. Error = null (io.confluent.ksql.cli.Cli:320)
java.lang.IllegalStateException
	at org.jline.reader.impl.LineReaderImpl.readLine(LineReaderImpl.java:540)
	at org.jline.reader.impl.LineReaderImpl.readLine(LineReaderImpl.java:455)
	at io.confluent.ksql.cli.console.JLineReader.readLine(JLineReader.java:70)
	at io.confluent.ksql.cli.console.JLineTerminal.readLine(JLineTerminal.java:107)
	at io.confluent.ksql.cli.console.Console.nextNonCliCommand(Console.java:330)
	at io.confluent.ksql.cli.Cli.nextNonCliCommand(Cli.java:436)
	at io.confluent.ksql.cli.Cli.runInteractively(Cli.java:314)
	at io.confluent.ksql.Ksql.run(Ksql.java:134)
	at io.confluent.ksql.Ksql.main(Ksql.java:79)
[2023-07-22 22:22:00,338] ERROR java.lang.IllegalStateException (io.confluent.ksql.cli.console.Console:349)
[2023-07-22 22:22:00,338] ERROR An error occurred while running a command. Error = null (io.confluent.ksql.cli.Cli:320)
java.lang.IllegalStateException
	at org.jline.reader.impl.LineReaderImpl.readLine(LineReaderImpl.java:540)
	at org.jline.reader.impl.LineReaderImpl.readLine(LineReaderImpl.java:455)
	at io.confluent.ksql.cli.console.JLineReader.readLine(JLineReader.java:70)
	at io.confluent.ksql.cli.console.JLineTerminal.readLine(JLineTerminal.java:107)
	at io.confluent.ksql.cli.console.Console.nextNonCliCommand(Console.java:330)
	at io.confluent.ksql.cli.Cli.nextNonCliCommand(Cli.java:436)
	at io.confluent.ksql.cli.Cli.runInteractively(Cli.java:314)
	at io.confluent.ksql.Ksql.run(Ksql.java:134)
	at io.confluent.ksql.Ksql.main(Ksql.java:79)
[2023-07-22 22:22:00,339] ERROR java.lang.IllegalStateException (io.confluent.ksql.cli.console.Console:349)
[2023-07-22 22:22:00,340] ERROR An error occurred while running a command. Error = null (io.confluent.ksql.cli.Cli:320)
java.lang.IllegalStateException
	at org.jline.reader.impl.LineReaderImpl.readLine(LineReaderImpl.java:540)
	at org.jline.reader.impl.LineReaderImpl.readLine(LineReaderImpl.java:455)
	at io.confluent.ksql.cli.console.JLineReader.readLine(JLineReader.java:70)
	at io.confluent.ksql.cli.console.JLineTerminal.readLine(JLineTerminal.java:107)
	at io.confluent.ksql.cli.console.Console.nextNonCliCommand(Console.java:330)
	at io.confluent.ksql.cli.Cli.nextNonCliCommand(Cli.java:436)
	at io.confluent.ksql.cli.Cli.runInteractively(Cli.java:314)
	at io.confluent.ksql.Ksql.run(Ksql.java:134)
	at io.confluent.ksql.Ksql.main(Ksql.java:79)
[2023-07-22 22:22:00,341] ERROR java.lang.IllegalStateException (io.confluent.ksql.cli.console.Console:349)
[2023-07-22 22:22:00,342] ERROR An error occurred while running a command. Error = null (io.confluent.ksql.cli.Cli:320)
java.lang.IllegalStateException
	at org.jline.reader.impl.LineReaderImpl.readLine(LineReaderImpl.java:540)
	at org.jline.reader.impl.LineReaderImpl.readLine(LineReaderImpl.java:455)
	at io.confluent.ksql.cli.console.JLineReader.readLine(JLineReader.java:70)
	at io.confluent.ksql.cli.console.JLineTerminal.readLine(JLineTerminal.java:107)
	at io.confluent.ksql.cli.console.Console.nextNonCliCommand(Console.java:330)
	at io.confluent.ksql.cli.Cli.nextNonCliCommand(Cli.java:436)
	at io.confluent.ksql.cli.Cli.runInteractively(Cli.java:314)
	at io.confluent.ksql.Ksql.run(Ksql.java:134)
	at io.confluent.ksql.Ksql.main(Ksql.java:79)
[2023-07-22 22:22:00,344] ERROR java.lang.IllegalStateException (io.confluent.ksql.cli.console.Console:349)
[2023-07-22 22:22:00,345] ERROR An error occurred while running a command. Error = null (io.confluent.ksql.cli.Cli:320)
java.lang.IllegalStateException
	at org.jline.reader.impl.LineReaderImpl.readLine(LineReaderImpl.java:540)
	at org.jline.reader.impl.LineReaderImpl.readLine(LineReaderImpl.java:455)
	at io.confluent.ksql.cli.console.JLineReader.readLine(JLineReader.java:70)
	at io.confluent.ksql.cli.console.JLineTerminal.readLine(JLineTerminal.java:107)
	at io.confluent.ksql.cli.console.Console.nextNonCliCommand(Console.java:330)
	at io.confluent.ksql.cli.Cli.nextNonCliCommand(Cli.java:436)
	at io.confluent.ksql.cli.Cli.runInteractively(Cli.java:314)
	at io.confluent.ksql.Ksql.run(Ksql.java:134)
	at io.confluent.ksql.Ksql.main(Ksql.java:79)
[2023-07-22 22:22:00,346] ERROR java.lang.IllegalStateException (io.confluent.ksql.cli.console.Console:349)
[2023-07-22 22:22:00,346] ERROR An error occurred while running a command. Error = null (io.confluent.ksql.cli.Cli:320)
java.lang.IllegalStateException
	at org.jline.reader.impl.LineReaderImpl.readLine(LineReaderImpl.java:540)
	at org.jline.reader.impl.LineReaderImpl.readLine(LineReaderImpl.java:455)
	at io.confluent.ksql.cli.console.JLineReader.readLine(JLineReader.java:70)
	at io.confluent.ksql.cli.console.JLineTerminal.readLine(JLineTerminal.java:107)
	at io.confluent.ksql.cli.console.Console.nextNonCliCommand(Console.java:330)
	at io.confluent.ksql.cli.Cli.nextNonCliCommand(Cli.java:436)
	at io.confluent.ksql.cli.Cli.runInteractively(Cli.java:314)
	at io.confluent.ksql.Ksql.run(Ksql.java:134)
	at io.confluent.ksql.Ksql.main(Ksql.java:79)
[2023-07-22 22:22:00,347] ERROR java.lang.IllegalStateException (io.confluent.ksql.cli.console.Console:349)
[2023-07-22 22:22:00,347] ERROR An error occurred while running a command. Error = null (io.confluent.ksql.cli.Cli:320)
java.lang.IllegalStateException
	at org.jline.reader.impl.LineReaderImpl.readLine(LineReaderImpl.java:540)
	at org.jline.reader.impl.LineReaderImpl.readLine(LineReaderImpl.java:455)
	at io.confluent.ksql.cli.console.JLineReader.readLine(JLineReader.java:70)
	at io.confluent.ksql.cli.console.JLineTerminal.readLine(JLineTerminal.java:107)
	at io.confluent.ksql.cli.console.Console.nextNonCliCommand(Console.java:330)
	at io.confluent.ksql.cli.Cli.nextNonCliCommand(Cli.java:436)
	at io.confluent.ksql.cli.Cli.runInteractively(Cli.java:314)
	at io.confluent.ksql.Ksql.run(Ksql.java:134)
	at io.confluent.ksql.Ksql.main(Ksql.java:79)
[2023-07-22 22:22:00,350] ERROR java.lang.IllegalStateException (io.confluent.ksql.cli.console.Console:349)
[2023-07-22 22:22:00,350] ERROR An error occurred while running a command. Error = null (io.confluent.ksql.cli.Cli:320)
java.lang.IllegalStateException
	at org.jline.reader.impl.LineReaderImpl.readLine(LineReaderImpl.java:540)
	at org.jline.reader.impl.LineReaderImpl.readLine(LineReaderImpl.java:455)
	at io.confluent.ksql.cli.console.JLineReader.readLine(JLineReader.java:70)
	at io.confluent.ksql.cli.console.JLineTerminal.readLine(JLineTerminal.java:107)
	at io.confluent.ksql.cli.console.Console.nextNonCliCommand(Console.java:330)
	at io.confluent.ksql.cli.Cli.nextNonCliCommand(Cli.java:436)
	at io.confluent.ksql.cli.Cli.runInteractively(Cli.java:314)
	at io.confluent.ksql.Ksql.run(Ksql.java:134)
	at io.confluent.ksql.Ksql.main(Ksql.java:79)
[2023-07-22 22:22:00,352] ERROR java.lang.IllegalStateException (io.confluent.ksql.cli.console.Console:349)
[2023-07-22 22:22:00,353] ERROR An error occurred while running a command. Error = null (io.confluent.ksql.cli.Cli:320)
java.lang.IllegalStateException
	at org.jline.reader.impl.LineReaderImpl.readLine(LineReaderImpl.java:540)
	at org.jline.reader.impl.LineReaderImpl.readLine(LineReaderImpl.java:455)
	at io.confluent.ksql.cli.console.JLineReader.readLine(JLineReader.java:70)
	at io.confluent.ksql.cli.console.JLineTerminal.readLine(JLineTerminal.java:107)
	at io.confluent.ksql.cli.console.Console.nextNonCliCommand(Console.java:330)
	at io.confluent.ksql.cli.Cli.nextNonCliCommand(Cli.java:436)
	at io.confluent.ksql.cli.Cli.runInteractively(Cli.java:314)
	at io.confluent.ksql.Ksql.run(Ksql.java:134)
	at io.confluent.ksql.Ksql.main(Ksql.java:79)
[2023-07-22 22:22:00,354] ERROR java.lang.IllegalStateException (io.confluent.ksql.cli.console.Console:349)
[2023-07-22 22:22:00,355] ERROR An error occurred while running a command. Error = null (io.confluent.ksql.cli.Cli:320)
java.lang.IllegalStateException
	at org.jline.reader.impl.LineReaderImpl.readLine(LineReaderImpl.java:540)
	at org.jline.reader.impl.LineReaderImpl.readLine(LineReaderImpl.java:455)
	at io.confluent.ksql.cli.console.JLineReader.readLine(JLineReader.java:70)
	at io.confluent.ksql.cli.console.JLineTerminal.readLine(JLineTerminal.java:107)
	at io.confluent.ksql.cli.console.Console.nextNonCliCommand(Console.java:330)
	at io.confluent.ksql.cli.Cli.nextNonCliCommand(Cli.java:436)
	at io.confluent.ksql.cli.Cli.runInteractively(Cli.java:314)
	at io.confluent.ksql.Ksql.run(Ksql.java:134)
	at io.confluent.ksql.Ksql.main(Ksql.java:79)
[2023-07-22 22:22:00,357] ERROR java.lang.IllegalStateException (io.confluent.ksql.cli.console.Console:349)
[2023-07-22 22:22:00,358] ERROR An error occurred while running a command. Error = null (io.confluent.ksql.cli.Cli:320)
java.lang.IllegalStateException
	at org.jline.reader.impl.LineReaderImpl.readLine(LineReaderImpl.java:540)
	at org.jline.reader.impl.LineReaderImpl.readLine(LineReaderImpl.java:455)
	at io.confluent.ksql.cli.console.JLineReader.readLine(JLineReader.java:70)
	at io.confluent.ksql.cli.console.JLineTerminal.readLine(JLineTerminal.java:107)
	at io.confluent.ksql.cli.console.Console.nextNonCliCommand(Console.java:330)
	at io.confluent.ksql.cli.Cli.nextNonCliCommand(Cli.java:436)
	at io.confluent.ksql.cli.Cli.runInteractively(Cli.java:314)
	at io.confluent.ksql.Ksql.run(Ksql.java:134)
	at io.confluent.ksql.Ksql.main(Ksql.java:79)
[2023-07-22 22:22:00,360] ERROR java.lang.IllegalStateException (io.confluent.ksql.cli.console.Console:349)
[2023-07-22 22:22:00,361] ERROR An error occurred while running a command. Error = null (io.confluent.ksql.cli.Cli:320)
java.lang.IllegalStateException
	at org.jline.reader.impl.LineReaderImpl.readLine(LineReaderImpl.java:540)
	at org.jline.reader.impl.LineReaderImpl.readLine(LineReaderImpl.java:455)
	at io.confluent.ksql.cli.console.JLineReader.readLine(JLineReader.java:70)
	at io.confluent.ksql.cli.console.JLineTerminal.readLine(JLineTerminal.java:107)
	at io.confluent.ksql.cli.console.Console.nextNonCliCommand(Console.java:330)
	at io.confluent.ksql.cli.Cli.nextNonCliCommand(Cli.java:436)
	at io.confluent.ksql.cli.Cli.runInteractively(Cli.java:314)
	at io.confluent.ksql.Ksql.run(Ksql.java:134)
	at io.confluent.ksql.Ksql.main(Ksql.java:79)
[2023-07-22 22:22:00,363] ERROR java.lang.IllegalStateException (io.confluent.ksql.cli.console.Console:349)
[2023-07-22 22:22:00,364] ERROR An error occurred while running a command. Error = null (io.confluent.ksql.cli.Cli:320)
java.lang.IllegalStateException
	at org.jline.reader.impl.LineReaderImpl.readLine(LineReaderImpl.java:540)
	at org.jline.reader.impl.LineReaderImpl.readLine(LineReaderImpl.java:455)
	at io.confluent.ksql.cli.console.JLineReader.readLine(JLineReader.java:70)
	at io.confluent.ksql.cli.console.JLineTerminal.readLine(JLineTerminal.java:107)
	at io.confluent.ksql.cli.console.Console.nextNonCliCommand(Console.java:330)
	at io.confluent.ksql.cli.Cli.nextNonCliCommand(Cli.java:436)
	at io.confluent.ksql.cli.Cli.runInteractively(Cli.java:314)
	at io.confluent.ksql.Ksql.run(Ksql.java:134)
	at io.confluent.ksql.Ksql.main(Ksql.java:79)
[2023-07-22 22:22:00,365] ERROR java.lang.IllegalStateException (io.confluent.ksql.cli.console.Console:349)
[2023-07-22 22:22:00,365] ERROR An error occurred while running a command. Error = null (io.confluent.ksql.cli.Cli:320)
java.lang.IllegalStateException
	at org.jline.reader.impl.LineReaderImpl.readLine(LineReaderImpl.java:540)
	at org.jline.reader.impl.LineReaderImpl.readLine(LineReaderImpl.java:455)
	at io.confluent.ksql.cli.console.JLineReader.readLine(JLineReader.java:70)
	at io.confluent.ksql.cli.console.JLineTerminal.readLine(JLineTerminal.java:107)
	at io.confluent.ksql.cli.console.Console.nextNonCliCommand(Console.java:330)
	at io.confluent.ksql.cli.Cli.nextNonCliCommand(Cli.java:436)
	at io.confluent.ksql.cli.Cli.runInteractively(Cli.java:314)
	at io.confluent.ksql.Ksql.run(Ksql.java:134)
	at io.confluent.ksql.Ksql.main(Ksql.java:79)
[2023-07-22 22:22:00,366] ERROR java.lang.IllegalStateException (io.confluent.ksql.cli.console.Console:349)
[2023-07-22 22:22:00,366] ERROR An error occurred while running a command. Error = null (io.confluent.ksql.cli.Cli:320)
java.lang.IllegalStateException
	at org.jline.reader.impl.LineReaderImpl.readLine(LineReaderImpl.java:540)
	at org.jline.reader.impl.LineReaderImpl.readLine(LineReaderImpl.java:455)
	at io.confluent.ksql.cli.console.JLineReader.readLine(JLineReader.java:70)
	at io.confluent.ksql.cli.console.JLineTerminal.readLine(JLineTerminal.java:107)
	at io.confluent.ksql.cli.console.Console.nextNonCliCommand(Console.java:330)
	at io.confluent.ksql.cli.Cli.nextNonCliCommand(Cli.java:436)
	at io.confluent.ksql.cli.Cli.runInteractively(Cli.java:314)
	at io.confluent.ksql.Ksql.run(Ksql.java:134)
	at io.confluent.ksql.Ksql.main(Ksql.java:79)
[2023-07-22 22:22:00,366] ERROR java.lang.IllegalStateException (io.confluent.ksql.cli.console.Console:349)
[2023-07-22 22:22:00,366] ERROR An error occurred while running a command. Error = null (io.confluent.ksql.cli.Cli:320)
java.lang.IllegalStateException
	at org.jline.reader.impl.LineReaderImpl.readLine(LineReaderImpl.java:540)
	at org.jline.reader.impl.LineReaderImpl.readLine(LineReaderImpl.java:455)
	at io.confluent.ksql.cli.console.JLineReader.readLine(JLineReader.java:70)
	at io.confluent.ksql.cli.console.JLineTerminal.readLine(JLineTerminal.java:107)
	at io.confluent.ksql.cli.console.Console.nextNonCliCommand(Console.java:330)
	at io.confluent.ksql.cli.Cli.nextNonCliCommand(Cli.java:436)
	at io.confluent.ksql.cli.Cli.runInteractively(Cli.java:314)
	at io.confluent.ksql.Ksql.run(Ksql.java:134)
	at io.confluent.ksql.Ksql.main(Ksql.java:79)
[2023-07-22 22:22:00,367] ERROR java.lang.IllegalStateException (io.confluent.ksql.cli.console.Console:349)
[2023-07-22 22:22:00,367] ERROR An error occurred while running a command. Error = null (io.confluent.ksql.cli.Cli:320)
java.lang.IllegalStateException
	at org.jline.reader.impl.LineReaderImpl.readLine(LineReaderImpl.java:540)
	at org.jline.reader.impl.LineReaderImpl.readLine(LineReaderImpl.java:455)
	at io.confluent.ksql.cli.console.JLineReader.readLine(JLineReader.java:70)
	at io.confluent.ksql.cli.console.JLineTerminal.readLine(JLineTerminal.java:107)
	at io.confluent.ksql.cli.console.Console.nextNonCliCommand(Console.java:330)
	at io.confluent.ksql.cli.Cli.nextNonCliCommand(Cli.java:436)
	at io.confluent.ksql.cli.Cli.runInteractively(Cli.java:314)
	at io.confluent.ksql.Ksql.run(Ksql.java:134)
	at io.confluent.ksql.Ksql.main(Ksql.java:79)
[2023-07-22 22:22:00,369] ERROR java.lang.IllegalStateException (io.confluent.ksql.cli.console.Console:349)
[2023-07-22 22:22:00,369] ERROR An error occurred while running a command. Error = null (io.confluent.ksql.cli.Cli:320)
java.lang.IllegalStateException
	at org.jline.reader.impl.LineReaderImpl.readLine(LineReaderImpl.java:540)
	at org.jline.reader.impl.LineReaderImpl.readLine(LineReaderImpl.java:455)
	at io.confluent.ksql.cli.console.JLineReader.readLine(JLineReader.java:70)
	at io.confluent.ksql.cli.console.JLineTerminal.readLine(JLineTerminal.java:107)
	at io.confluent.ksql.cli.console.Console.nextNonCliCommand(Console.java:330)
	at io.confluent.ksql.cli.Cli.nextNonCliCommand(Cli.java:436)
	at io.confluent.ksql.cli.Cli.runInteractively(Cli.java:314)
	at io.confluent.ksql.Ksql.run(Ksql.java:134)
	at io.confluent.ksql.Ksql.main(Ksql.java:79)
[2023-07-22 22:22:00,369] ERROR java.lang.IllegalStateException (io.confluent.ksql.cli.console.Console:349)
[2023-07-22 22:22:00,370] ERROR An error occurred while running a command. Error = null (io.confluent.ksql.cli.Cli:320)
java.lang.IllegalStateException
	at org.jline.reader.impl.LineReaderImpl.readLine(LineReaderImpl.java:540)
	at org.jline.reader.impl.LineReaderImpl.readLine(LineReaderImpl.java:455)
	at io.confluent.ksql.cli.console.JLineReader.readLine(JLineReader.java:70)
	at io.confluent.ksql.cli.console.JLineTerminal.readLine(JLineTerminal.java:107)
	at io.confluent.ksql.cli.console.Console.nextNonCliCommand(Console.java:330)
	at io.confluent.ksql.cli.Cli.nextNonCliCommand(Cli.java:436)
	at io.confluent.ksql.cli.Cli.runInteractively(Cli.java:314)
	at io.confluent.ksql.Ksql.run(Ksql.java:134)
	at io.confluent.ksql.Ksql.main(Ksql.java:79)
[2023-07-22 22:22:00,370] ERROR java.lang.IllegalStateException (io.confluent.ksql.cli.console.Console:349)
[2023-07-22 22:22:00,371] ERROR An error occurred while running a command. Error = null (io.confluent.ksql.cli.Cli:320)
java.lang.IllegalStateException
	at org.jline.reader.impl.LineReaderImpl.readLine(LineReaderImpl.java:540)
	at org.jline.reader.impl.LineReaderImpl.readLine(LineReaderImpl.java:455)
	at io.confluent.ksql.cli.console.JLineReader.readLine(JLineReader.java:70)
	at io.confluent.ksql.cli.console.JLineTerminal.readLine(JLineTerminal.java:107)
	at io.confluent.ksql.cli.console.Console.nextNonCliCommand(Console.java:330)
	at io.confluent.ksql.cli.Cli.nextNonCliCommand(Cli.java:436)
	at io.confluent.ksql.cli.Cli.runInteractively(Cli.java:314)
	at io.confluent.ksql.Ksql.run(Ksql.java:134)
	at io.confluent.ksql.Ksql.main(Ksql.java:79)
[2023-07-22 22:22:00,372] ERROR java.lang.IllegalStateException (io.confluent.ksql.cli.console.Console:349)
[2023-07-22 22:22:00,373] ERROR An error occurred while running a command. Error = null (io.confluent.ksql.cli.Cli:320)
java.lang.IllegalStateException
	at org.jline.reader.impl.LineReaderImpl.readLine(LineReaderImpl.java:540)
	at org.jline.reader.impl.LineReaderImpl.readLine(LineReaderImpl.java:455)
	at io.confluent.ksql.cli.console.JLineReader.readLine(JLineReader.java:70)
	at io.confluent.ksql.cli.console.JLineTerminal.readLine(JLineTerminal.java:107)
	at io.confluent.ksql.cli.console.Console.nextNonCliCommand(Console.java:330)
	at io.confluent.ksql.cli.Cli.nextNonCliCommand(Cli.java:436)
	at io.confluent.ksql.cli.Cli.runInteractively(Cli.java:314)
	at io.confluent.ksql.Ksql.run(Ksql.java:134)
	at io.confluent.ksql.Ksql.main(Ksql.java:79)
[2023-07-22 22:22:00,374] ERROR java.lang.IllegalStateException (io.confluent.ksql.cli.console.Console:349)
[2023-07-22 22:22:00,374] ERROR An error occurred while running a command. Error = null (io.confluent.ksql.cli.Cli:320)
java.lang.IllegalStateException
	at org.jline.reader.impl.LineReaderImpl.readLine(LineReaderImpl.java:540)
	at org.jline.reader.impl.LineReaderImpl.readLine(LineReaderImpl.java:455)
	at io.confluent.ksql.cli.console.JLineReader.readLine(JLineReader.java:70)
	at io.confluent.ksql.cli.console.JLineTerminal.readLine(JLineTerminal.java:107)
	at io.confluent.ksql.cli.console.Console.nextNonCliCommand(Console.java:330)
	at io.confluent.ksql.cli.Cli.nextNonCliCommand(Cli.java:436)
	at io.confluent.ksql.cli.Cli.runInteractively(Cli.java:314)
	at io.confluent.ksql.Ksql.run(Ksql.java:134)
	at io.confluent.ksql.Ksql.main(Ksql.java:79)
[2023-07-22 22:22:00,375] ERROR java.lang.IllegalStateException (io.confluent.ksql.cli.console.Console:349)
