[2023-07-21 16:00:29,250] ERROR Timed out while waiting for a previous command to execute. command sequence number: 22 (io.confluent.ksql.cli.console.Console:349)
[2023-07-21 16:18:39,213] ERROR An error occurred while running a command. Error = line 1:6: Syntax error at line 1:6 (io.confluent.ksql.cli.Cli:320)
io.confluent.ksql.parser.exception.ParseFailedException: line 1:6: Syntax error at line 1:6
	at io.confluent.ksql.parser.DefaultKsqlParser.parse(DefaultKsqlParser.java:56)
	at io.confluent.ksql.cli.Cli.handleStatements(Cli.java:482)
	at io.confluent.ksql.cli.Cli.handleLine(Cli.java:423)
	at io.confluent.ksql.cli.Cli.runInteractively(Cli.java:314)
	at io.confluent.ksql.Ksql.run(Ksql.java:134)
	at io.confluent.ksql.Ksql.main(Ksql.java:79)
Caused by: io.confluent.ksql.parser.ParsingException: line 1:6: Syntax error at line 1:6
	at io.confluent.ksql.parser.SyntaxErrorValidator.syntaxError(SyntaxErrorValidator.java:162)
	at org.antlr.v4.runtime.ProxyErrorListener.syntaxError(ProxyErrorListener.java:41)
	at org.antlr.v4.runtime.Parser.notifyErrorListeners(Parser.java:544)
	at org.antlr.v4.runtime.DefaultErrorStrategy.reportNoViableAlternative(DefaultErrorStrategy.java:310)
	at org.antlr.v4.runtime.DefaultErrorStrategy.reportError(DefaultErrorStrategy.java:136)
	at io.confluent.ksql.parser.SqlBaseParser.statement(SqlBaseParser.java:2526)
	at io.confluent.ksql.parser.SqlBaseParser.singleStatement(SqlBaseParser.java:377)
	at io.confluent.ksql.parser.SqlBaseParser.statements(SqlBaseParser.java:240)
	at io.confluent.ksql.parser.DefaultKsqlParser.getParseTree(DefaultKsqlParser.java:121)
	at io.confluent.ksql.parser.DefaultKsqlParser.parse(DefaultKsqlParser.java:45)
	... 5 more
[2023-07-21 16:18:39,217] ERROR io.confluent.ksql.parser.exception.ParseFailedException: line 1:6: Syntax error at line 1:6 (io.confluent.ksql.cli.console.Console:349)
[2023-07-21 16:18:48,862] ERROR An error occurred while running a command. Error = line 1:6: Syntax error at line 1:6 (io.confluent.ksql.cli.Cli:320)
io.confluent.ksql.parser.exception.ParseFailedException: line 1:6: Syntax error at line 1:6
	at io.confluent.ksql.parser.DefaultKsqlParser.parse(DefaultKsqlParser.java:56)
	at io.confluent.ksql.cli.Cli.handleStatements(Cli.java:482)
	at io.confluent.ksql.cli.Cli.handleLine(Cli.java:423)
	at io.confluent.ksql.cli.Cli.runInteractively(Cli.java:314)
	at io.confluent.ksql.Ksql.run(Ksql.java:134)
	at io.confluent.ksql.Ksql.main(Ksql.java:79)
Caused by: io.confluent.ksql.parser.ParsingException: line 1:6: Syntax error at line 1:6
	at io.confluent.ksql.parser.SyntaxErrorValidator.syntaxError(SyntaxErrorValidator.java:162)
	at org.antlr.v4.runtime.ProxyErrorListener.syntaxError(ProxyErrorListener.java:41)
	at org.antlr.v4.runtime.Parser.notifyErrorListeners(Parser.java:544)
	at org.antlr.v4.runtime.DefaultErrorStrategy.reportNoViableAlternative(DefaultErrorStrategy.java:310)
	at org.antlr.v4.runtime.DefaultErrorStrategy.reportError(DefaultErrorStrategy.java:136)
	at io.confluent.ksql.parser.SqlBaseParser.statement(SqlBaseParser.java:2526)
	at io.confluent.ksql.parser.SqlBaseParser.singleStatement(SqlBaseParser.java:377)
	at io.confluent.ksql.parser.SqlBaseParser.statements(SqlBaseParser.java:240)
	at io.confluent.ksql.parser.DefaultKsqlParser.getParseTree(DefaultKsqlParser.java:121)
	at io.confluent.ksql.parser.DefaultKsqlParser.parse(DefaultKsqlParser.java:45)
	... 5 more
[2023-07-21 16:18:48,863] ERROR io.confluent.ksql.parser.exception.ParseFailedException: line 1:6: Syntax error at line 1:6 (io.confluent.ksql.cli.console.Console:349)
[2023-07-21 16:19:06,512] ERROR An error occurred while running a command. Error = line 1:6: Syntax error at line 1:6 (io.confluent.ksql.cli.Cli:320)
io.confluent.ksql.parser.exception.ParseFailedException: line 1:6: Syntax error at line 1:6
	at io.confluent.ksql.parser.DefaultKsqlParser.parse(DefaultKsqlParser.java:56)
	at io.confluent.ksql.cli.Cli.handleStatements(Cli.java:482)
	at io.confluent.ksql.cli.Cli.handleLine(Cli.java:423)
	at io.confluent.ksql.cli.Cli.runInteractively(Cli.java:314)
	at io.confluent.ksql.Ksql.run(Ksql.java:134)
	at io.confluent.ksql.Ksql.main(Ksql.java:79)
Caused by: io.confluent.ksql.parser.ParsingException: line 1:6: Syntax error at line 1:6
	at io.confluent.ksql.parser.SyntaxErrorValidator.syntaxError(SyntaxErrorValidator.java:162)
	at org.antlr.v4.runtime.ProxyErrorListener.syntaxError(ProxyErrorListener.java:41)
	at org.antlr.v4.runtime.Parser.notifyErrorListeners(Parser.java:544)
	at org.antlr.v4.runtime.DefaultErrorStrategy.reportNoViableAlternative(DefaultErrorStrategy.java:310)
	at org.antlr.v4.runtime.DefaultErrorStrategy.reportError(DefaultErrorStrategy.java:136)
	at io.confluent.ksql.parser.SqlBaseParser.statement(SqlBaseParser.java:2526)
	at io.confluent.ksql.parser.SqlBaseParser.singleStatement(SqlBaseParser.java:377)
	at io.confluent.ksql.parser.SqlBaseParser.statements(SqlBaseParser.java:240)
	at io.confluent.ksql.parser.DefaultKsqlParser.getParseTree(DefaultKsqlParser.java:121)
	at io.confluent.ksql.parser.DefaultKsqlParser.parse(DefaultKsqlParser.java:45)
	... 5 more
[2023-07-21 16:19:06,512] ERROR io.confluent.ksql.parser.exception.ParseFailedException: line 1:6: Syntax error at line 1:6 (io.confluent.ksql.cli.console.Console:349)
[2023-07-21 16:19:22,691] ERROR An error occurred while running a command. Error = line 1:1: Syntax error at line 1:1 (io.confluent.ksql.cli.Cli:320)
io.confluent.ksql.parser.exception.ParseFailedException: line 1:1: Syntax error at line 1:1
	at io.confluent.ksql.parser.DefaultKsqlParser.parse(DefaultKsqlParser.java:56)
	at io.confluent.ksql.cli.Cli.handleStatements(Cli.java:482)
	at io.confluent.ksql.cli.Cli.handleLine(Cli.java:423)
	at io.confluent.ksql.cli.Cli.runInteractively(Cli.java:314)
	at io.confluent.ksql.Ksql.run(Ksql.java:134)
	at io.confluent.ksql.Ksql.main(Ksql.java:79)
Caused by: io.confluent.ksql.parser.ParsingException: line 1:1: Syntax error at line 1:1
	at io.confluent.ksql.parser.SyntaxErrorValidator.syntaxError(SyntaxErrorValidator.java:162)
	at org.antlr.v4.runtime.ProxyErrorListener.syntaxError(ProxyErrorListener.java:41)
	at org.antlr.v4.runtime.Parser.notifyErrorListeners(Parser.java:544)
	at org.antlr.v4.runtime.DefaultErrorStrategy.reportInputMismatch(DefaultErrorStrategy.java:327)
	at org.antlr.v4.runtime.DefaultErrorStrategy.reportError(DefaultErrorStrategy.java:139)
	at io.confluent.ksql.parser.SqlBaseParser.statements(SqlBaseParser.java:253)
	at io.confluent.ksql.parser.DefaultKsqlParser.getParseTree(DefaultKsqlParser.java:121)
	at io.confluent.ksql.parser.DefaultKsqlParser.parse(DefaultKsqlParser.java:45)
	... 5 more
[2023-07-21 16:19:22,691] ERROR io.confluent.ksql.parser.exception.ParseFailedException: line 1:1: Syntax error at line 1:1 (io.confluent.ksql.cli.console.Console:349)
[2023-07-21 16:40:35,582] ERROR Could not find STREAM/TABLE 'TARGET_AVRO' in the Metastore (io.confluent.ksql.cli.console.Console:349)
[2023-07-21 16:48:15,761] ERROR The server encountered an internal error when processing the query. Please consult the server logs for more information. (io.confluent.ksql.cli.console.Console:349)
[2023-07-21 16:48:24,279] ERROR The server encountered an internal error when processing the query. Please consult the server logs for more information. (io.confluent.ksql.cli.console.Console:349)
[2023-07-21 17:14:34,175] ERROR Exception while preparing statement: SOURVE1 does not exist. (io.confluent.ksql.cli.console.Console:349)
[2023-07-21 18:16:20,300] ERROR Exception while preparing statement: SOURCE1 does not exist. (io.confluent.ksql.cli.console.Console:349)
[2023-07-21 19:46:16,977] ERROR An error occurred while running a command. Error = line 1:6: Syntax error at line 1:6 (io.confluent.ksql.cli.Cli:320)
io.confluent.ksql.parser.exception.ParseFailedException: line 1:6: Syntax error at line 1:6
	at io.confluent.ksql.parser.DefaultKsqlParser.parse(DefaultKsqlParser.java:56)
	at io.confluent.ksql.cli.Cli.handleStatements(Cli.java:482)
	at io.confluent.ksql.cli.Cli.handleLine(Cli.java:423)
	at io.confluent.ksql.cli.Cli.runInteractively(Cli.java:314)
	at io.confluent.ksql.Ksql.run(Ksql.java:134)
	at io.confluent.ksql.Ksql.main(Ksql.java:79)
Caused by: io.confluent.ksql.parser.ParsingException: line 1:6: Syntax error at line 1:6
	at io.confluent.ksql.parser.SyntaxErrorValidator.syntaxError(SyntaxErrorValidator.java:162)
	at org.antlr.v4.runtime.ProxyErrorListener.syntaxError(ProxyErrorListener.java:41)
	at org.antlr.v4.runtime.Parser.notifyErrorListeners(Parser.java:544)
	at org.antlr.v4.runtime.DefaultErrorStrategy.reportNoViableAlternative(DefaultErrorStrategy.java:310)
	at org.antlr.v4.runtime.DefaultErrorStrategy.reportError(DefaultErrorStrategy.java:136)
	at io.confluent.ksql.parser.SqlBaseParser.statement(SqlBaseParser.java:2526)
	at io.confluent.ksql.parser.SqlBaseParser.singleStatement(SqlBaseParser.java:377)
	at io.confluent.ksql.parser.SqlBaseParser.statements(SqlBaseParser.java:240)
	at io.confluent.ksql.parser.DefaultKsqlParser.getParseTree(DefaultKsqlParser.java:121)
	at io.confluent.ksql.parser.DefaultKsqlParser.parse(DefaultKsqlParser.java:45)
	... 5 more
[2023-07-21 19:46:16,982] ERROR io.confluent.ksql.parser.exception.ParseFailedException: line 1:6: Syntax error at line 1:6 (io.confluent.ksql.cli.console.Console:349)
[2023-07-21 19:46:20,510] ERROR An error occurred while running a command. Error = line 1:6: Syntax error at line 1:6 (io.confluent.ksql.cli.Cli:320)
io.confluent.ksql.parser.exception.ParseFailedException: line 1:6: Syntax error at line 1:6
	at io.confluent.ksql.parser.DefaultKsqlParser.parse(DefaultKsqlParser.java:56)
	at io.confluent.ksql.cli.Cli.handleStatements(Cli.java:482)
	at io.confluent.ksql.cli.Cli.handleLine(Cli.java:423)
	at io.confluent.ksql.cli.Cli.runInteractively(Cli.java:314)
	at io.confluent.ksql.Ksql.run(Ksql.java:134)
	at io.confluent.ksql.Ksql.main(Ksql.java:79)
Caused by: io.confluent.ksql.parser.ParsingException: line 1:6: Syntax error at line 1:6
	at io.confluent.ksql.parser.SyntaxErrorValidator.syntaxError(SyntaxErrorValidator.java:162)
	at org.antlr.v4.runtime.ProxyErrorListener.syntaxError(ProxyErrorListener.java:41)
	at org.antlr.v4.runtime.Parser.notifyErrorListeners(Parser.java:544)
	at org.antlr.v4.runtime.DefaultErrorStrategy.reportNoViableAlternative(DefaultErrorStrategy.java:310)
	at org.antlr.v4.runtime.DefaultErrorStrategy.reportError(DefaultErrorStrategy.java:136)
	at io.confluent.ksql.parser.SqlBaseParser.statement(SqlBaseParser.java:2526)
	at io.confluent.ksql.parser.SqlBaseParser.singleStatement(SqlBaseParser.java:377)
	at io.confluent.ksql.parser.SqlBaseParser.statements(SqlBaseParser.java:240)
	at io.confluent.ksql.parser.DefaultKsqlParser.getParseTree(DefaultKsqlParser.java:121)
	at io.confluent.ksql.parser.DefaultKsqlParser.parse(DefaultKsqlParser.java:45)
	... 5 more
[2023-07-21 19:46:20,510] ERROR io.confluent.ksql.parser.exception.ParseFailedException: line 1:6: Syntax error at line 1:6 (io.confluent.ksql.cli.console.Console:349)
[2023-07-21 19:47:31,825] ERROR An error occurred while running a command. Error = line 1:8: Syntax error at line 1:8 (io.confluent.ksql.cli.Cli:320)
io.confluent.ksql.parser.exception.ParseFailedException: line 1:8: Syntax error at line 1:8
	at io.confluent.ksql.parser.DefaultKsqlParser.parse(DefaultKsqlParser.java:56)
	at io.confluent.ksql.cli.Cli.handleStatements(Cli.java:482)
	at io.confluent.ksql.cli.Cli.handleLine(Cli.java:423)
	at io.confluent.ksql.cli.Cli.runInteractively(Cli.java:314)
	at io.confluent.ksql.Ksql.run(Ksql.java:134)
	at io.confluent.ksql.Ksql.main(Ksql.java:79)
Caused by: io.confluent.ksql.parser.ParsingException: line 1:8: Syntax error at line 1:8
	at io.confluent.ksql.parser.SyntaxErrorValidator.syntaxError(SyntaxErrorValidator.java:162)
	at org.antlr.v4.runtime.ProxyErrorListener.syntaxError(ProxyErrorListener.java:41)
	at org.antlr.v4.runtime.Parser.notifyErrorListeners(Parser.java:544)
	at org.antlr.v4.runtime.DefaultErrorStrategy.reportNoViableAlternative(DefaultErrorStrategy.java:310)
	at org.antlr.v4.runtime.DefaultErrorStrategy.reportError(DefaultErrorStrategy.java:136)
	at io.confluent.ksql.parser.SqlBaseParser.statement(SqlBaseParser.java:2526)
	at io.confluent.ksql.parser.SqlBaseParser.singleStatement(SqlBaseParser.java:377)
	at io.confluent.ksql.parser.SqlBaseParser.statements(SqlBaseParser.java:240)
	at io.confluent.ksql.parser.DefaultKsqlParser.getParseTree(DefaultKsqlParser.java:121)
	at io.confluent.ksql.parser.DefaultKsqlParser.parse(DefaultKsqlParser.java:45)
	... 5 more
[2023-07-21 19:47:31,826] ERROR io.confluent.ksql.parser.exception.ParseFailedException: line 1:8: Syntax error at line 1:8 (io.confluent.ksql.cli.console.Console:349)
[2023-07-21 19:47:53,446] ERROR An error occurred while running a command. Error = line 1:8: Syntax error at line 1:8 (io.confluent.ksql.cli.Cli:320)
io.confluent.ksql.parser.exception.ParseFailedException: line 1:8: Syntax error at line 1:8
	at io.confluent.ksql.parser.DefaultKsqlParser.parse(DefaultKsqlParser.java:56)
	at io.confluent.ksql.cli.Cli.handleStatements(Cli.java:482)
	at io.confluent.ksql.cli.Cli.handleLine(Cli.java:423)
	at io.confluent.ksql.cli.Cli.runInteractively(Cli.java:314)
	at io.confluent.ksql.Ksql.run(Ksql.java:134)
	at io.confluent.ksql.Ksql.main(Ksql.java:79)
Caused by: io.confluent.ksql.parser.ParsingException: line 1:8: Syntax error at line 1:8
	at io.confluent.ksql.parser.SyntaxErrorValidator.syntaxError(SyntaxErrorValidator.java:162)
	at org.antlr.v4.runtime.ProxyErrorListener.syntaxError(ProxyErrorListener.java:41)
	at org.antlr.v4.runtime.Parser.notifyErrorListeners(Parser.java:544)
	at org.antlr.v4.runtime.DefaultErrorStrategy.reportNoViableAlternative(DefaultErrorStrategy.java:310)
	at org.antlr.v4.runtime.DefaultErrorStrategy.reportError(DefaultErrorStrategy.java:136)
	at io.confluent.ksql.parser.SqlBaseParser.statement(SqlBaseParser.java:2526)
	at io.confluent.ksql.parser.SqlBaseParser.singleStatement(SqlBaseParser.java:377)
	at io.confluent.ksql.parser.SqlBaseParser.statements(SqlBaseParser.java:240)
	at io.confluent.ksql.parser.DefaultKsqlParser.getParseTree(DefaultKsqlParser.java:121)
	at io.confluent.ksql.parser.DefaultKsqlParser.parse(DefaultKsqlParser.java:45)
	... 5 more
[2023-07-21 19:47:53,447] ERROR io.confluent.ksql.parser.exception.ParseFailedException: line 1:8: Syntax error at line 1:8 (io.confluent.ksql.cli.console.Console:349)
[2023-07-21 20:11:25,609] ERROR An error occurred while running a command. Error = line 1:8: Syntax error at line 1:8 (io.confluent.ksql.cli.Cli:320)
io.confluent.ksql.parser.exception.ParseFailedException: line 1:8: Syntax error at line 1:8
	at io.confluent.ksql.parser.DefaultKsqlParser.parse(DefaultKsqlParser.java:56)
	at io.confluent.ksql.cli.Cli.handleStatements(Cli.java:482)
	at io.confluent.ksql.cli.Cli.handleLine(Cli.java:423)
	at io.confluent.ksql.cli.Cli.runInteractively(Cli.java:314)
	at io.confluent.ksql.Ksql.run(Ksql.java:134)
	at io.confluent.ksql.Ksql.main(Ksql.java:79)
Caused by: io.confluent.ksql.parser.ParsingException: line 1:8: Syntax error at line 1:8
	at io.confluent.ksql.parser.SyntaxErrorValidator.syntaxError(SyntaxErrorValidator.java:162)
	at org.antlr.v4.runtime.ProxyErrorListener.syntaxError(ProxyErrorListener.java:41)
	at org.antlr.v4.runtime.Parser.notifyErrorListeners(Parser.java:544)
	at org.antlr.v4.runtime.DefaultErrorStrategy.reportNoViableAlternative(DefaultErrorStrategy.java:310)
	at org.antlr.v4.runtime.DefaultErrorStrategy.reportError(DefaultErrorStrategy.java:136)
	at io.confluent.ksql.parser.SqlBaseParser.statement(SqlBaseParser.java:2526)
	at io.confluent.ksql.parser.SqlBaseParser.singleStatement(SqlBaseParser.java:377)
	at io.confluent.ksql.parser.SqlBaseParser.statements(SqlBaseParser.java:240)
	at io.confluent.ksql.parser.DefaultKsqlParser.getParseTree(DefaultKsqlParser.java:121)
	at io.confluent.ksql.parser.DefaultKsqlParser.parse(DefaultKsqlParser.java:45)
	... 5 more
[2023-07-21 20:11:25,610] ERROR io.confluent.ksql.parser.exception.ParseFailedException: line 1:8: Syntax error at line 1:8 (io.confluent.ksql.cli.console.Console:349)
[2023-07-21 20:29:10,199] ERROR Stream TARGET_AVRO does not exist. (io.confluent.ksql.cli.console.Console:349)
[2023-07-21 20:29:34,204] ERROR An error occurred while running a command. Error = line 4:1: Syntax error at line 4:1 (io.confluent.ksql.cli.Cli:320)
io.confluent.ksql.parser.exception.ParseFailedException: line 4:1: Syntax error at line 4:1
	at io.confluent.ksql.parser.DefaultKsqlParser.parse(DefaultKsqlParser.java:56)
	at io.confluent.ksql.cli.Cli.handleStatements(Cli.java:482)
	at io.confluent.ksql.cli.Cli.handleLine(Cli.java:423)
	at io.confluent.ksql.cli.Cli.runInteractively(Cli.java:314)
	at io.confluent.ksql.Ksql.run(Ksql.java:134)
	at io.confluent.ksql.Ksql.main(Ksql.java:79)
Caused by: io.confluent.ksql.parser.ParsingException: line 4:1: Syntax error at line 4:1
	at io.confluent.ksql.parser.SyntaxErrorValidator.syntaxError(SyntaxErrorValidator.java:162)
	at org.antlr.v4.runtime.ProxyErrorListener.syntaxError(ProxyErrorListener.java:41)
	at org.antlr.v4.runtime.Parser.notifyErrorListeners(Parser.java:544)
	at org.antlr.v4.runtime.DefaultErrorStrategy.reportInputMismatch(DefaultErrorStrategy.java:327)
	at org.antlr.v4.runtime.DefaultErrorStrategy.reportError(DefaultErrorStrategy.java:139)
	at io.confluent.ksql.parser.SqlBaseParser.singleStatement(SqlBaseParser.java:384)
	at io.confluent.ksql.parser.SqlBaseParser.statements(SqlBaseParser.java:240)
	at io.confluent.ksql.parser.DefaultKsqlParser.getParseTree(DefaultKsqlParser.java:121)
	at io.confluent.ksql.parser.DefaultKsqlParser.parse(DefaultKsqlParser.java:45)
	... 5 more
[2023-07-21 20:29:34,204] ERROR io.confluent.ksql.parser.exception.ParseFailedException: line 4:1: Syntax error at line 4:1 (io.confluent.ksql.cli.console.Console:349)
[2023-07-21 20:30:18,131] ERROR Exception while preparing statement: JSON_DATA_STREAM does not exist. (io.confluent.ksql.cli.console.Console:349)
[2023-07-21 20:51:09,401] ERROR An error occurred while running a command. Error = line 1:6: Syntax error at line 1:6 (io.confluent.ksql.cli.Cli:320)
io.confluent.ksql.parser.exception.ParseFailedException: line 1:6: Syntax error at line 1:6
	at io.confluent.ksql.parser.DefaultKsqlParser.parse(DefaultKsqlParser.java:56)
	at io.confluent.ksql.cli.Cli.handleStatements(Cli.java:482)
	at io.confluent.ksql.cli.Cli.handleLine(Cli.java:423)
	at io.confluent.ksql.cli.Cli.runInteractively(Cli.java:314)
	at io.confluent.ksql.Ksql.run(Ksql.java:134)
	at io.confluent.ksql.Ksql.main(Ksql.java:79)
Caused by: io.confluent.ksql.parser.ParsingException: line 1:6: Syntax error at line 1:6
	at io.confluent.ksql.parser.SyntaxErrorValidator.syntaxError(SyntaxErrorValidator.java:162)
	at org.antlr.v4.runtime.ProxyErrorListener.syntaxError(ProxyErrorListener.java:41)
	at org.antlr.v4.runtime.Parser.notifyErrorListeners(Parser.java:544)
	at org.antlr.v4.runtime.DefaultErrorStrategy.reportNoViableAlternative(DefaultErrorStrategy.java:310)
	at org.antlr.v4.runtime.DefaultErrorStrategy.reportError(DefaultErrorStrategy.java:136)
	at io.confluent.ksql.parser.SqlBaseParser.statement(SqlBaseParser.java:2526)
	at io.confluent.ksql.parser.SqlBaseParser.singleStatement(SqlBaseParser.java:377)
	at io.confluent.ksql.parser.SqlBaseParser.statements(SqlBaseParser.java:240)
	at io.confluent.ksql.parser.DefaultKsqlParser.getParseTree(DefaultKsqlParser.java:121)
	at io.confluent.ksql.parser.DefaultKsqlParser.parse(DefaultKsqlParser.java:45)
	... 5 more
[2023-07-21 20:51:09,401] ERROR io.confluent.ksql.parser.exception.ParseFailedException: line 1:6: Syntax error at line 1:6 (io.confluent.ksql.cli.console.Console:349)
[2023-07-21 22:30:51,493] ERROR Tables require a PRIMARY KEY. Please define the PRIMARY KEY. (io.confluent.ksql.cli.console.Console:349)
[2023-07-21 22:31:11,895] ERROR Failed to prepare statement: Invalid config variable(s) in the WITH clause: KEY (io.confluent.ksql.cli.console.Console:349)
[2023-07-21 22:31:42,706] ERROR Failed to prepare statement: Invalid config variable(s) in the WITH clause: PRIMARY_KEY (io.confluent.ksql.cli.console.Console:349)
[2023-07-21 22:33:26,709] ERROR Tables require a PRIMARY KEY. Please define the PRIMARY KEY. (io.confluent.ksql.cli.console.Console:349)
[2023-07-21 22:34:46,424] ERROR The `TABLE_AVRO` table isn't queryable. To derive a queryable table, you can do 'CREATE TABLE QUERYABLE_TABLE_AVRO AS SELECT * FROM TABLE_AVRO'. See https://cnfl.io/queries for more info.
Add EMIT CHANGES if you intended to issue a push query. (io.confluent.ksql.cli.console.Console:349)
[2023-07-21 22:38:38,883] ERROR Could not determine output schema for query due to error: Invalid result type. Your SELECT query produces a TABLE. Please use CREATE TABLE AS SELECT statement instead.
Statement: CREATE STREAM TARGET_AVRO WITH (CLEANUP_POLICY='delete', KAFKA_TOPIC='TARGET_AVRO', PARTITIONS=1, REPLICAS=1, RETENTION_MS=604800000) AS SELECT *
FROM TABLE_AVRO TABLE_AVRO
EMIT CHANGES; (io.confluent.ksql.cli.console.Console:349)
[2023-07-21 22:38:49,459] ERROR Could not determine output schema for query due to error: Invalid result type. Your SELECT query produces a TABLE. Please use CREATE TABLE AS SELECT statement instead.
Statement: CREATE STREAM TARGET_AVRO WITH (CLEANUP_POLICY='delete', KAFKA_TOPIC='TARGET_AVRO', PARTITIONS=1, REPLICAS=1, RETENTION_MS=604800000) AS SELECT *
FROM TABLE_AVRO TABLE_AVRO
EMIT CHANGES; (io.confluent.ksql.cli.console.Console:349)
[2023-07-21 22:39:46,881] ERROR The `TABLE_AVRO` table isn't queryable. To derive a queryable table, you can do 'CREATE TABLE QUERYABLE_TABLE_AVRO AS SELECT * FROM TABLE_AVRO'. See https://cnfl.io/queries for more info.
Add EMIT CHANGES if you intended to issue a push query. (io.confluent.ksql.cli.console.Console:349)
[2023-07-21 22:40:26,393] ERROR Could not register schema for topic: Could not register schema for topic: Leader not known.; error code: 50004 (io.confluent.ksql.cli.console.Console:349)
