[2023-07-22 22:09:47,590] INFO [Controller id=0 epoch=3] Sending UpdateMetadata request to broker 0 for 0 partitions (state.change.logger)
[2023-07-22 22:09:47,646] INFO [Controller id=0 epoch=3] Sending LeaderAndIsr request to broker 0 with 121 become-leader and 0 become-follower partitions (state.change.logger)
[2023-07-22 22:09:47,662] INFO [Broker id=0] Handling LeaderAndIsr request correlationId 1 from controller 0 for 121 partitions (state.change.logger)
[2023-07-22 22:09:47,675] INFO [Broker id=0] Ignoring LeaderAndIsr request from controller 0 with correlation id 1 epoch 3 for partition _confluent_balancer_api_state-0 since its associated leader epoch 0 matches the current leader epoch (state.change.logger)
[2023-07-22 22:09:47,675] INFO [Broker id=0] Ignoring LeaderAndIsr request from controller 0 with correlation id 1 epoch 3 for partition _confluent-ksql-default__command_topic-0 since its associated leader epoch 0 matches the current leader epoch (state.change.logger)
[2023-07-22 22:09:47,675] INFO [Broker id=0] Ignoring LeaderAndIsr request from controller 0 with correlation id 1 epoch 3 for partition default_ksql_processing_log-0 since its associated leader epoch 0 matches the current leader epoch (state.change.logger)
[2023-07-22 22:09:47,675] INFO [Broker id=0] Ignoring LeaderAndIsr request from controller 0 with correlation id 1 epoch 3 for partition avro_data-0 since its associated leader epoch 0 matches the current leader epoch (state.change.logger)
[2023-07-22 22:09:47,675] INFO [Broker id=0] Ignoring LeaderAndIsr request from controller 0 with correlation id 1 epoch 3 for partition _schemas-0 since its associated leader epoch 0 matches the current leader epoch (state.change.logger)
[2023-07-22 22:09:47,675] INFO [Broker id=0] Ignoring LeaderAndIsr request from controller 0 with correlation id 1 epoch 3 for partition _schema_encoders-0 since its associated leader epoch 0 matches the current leader epoch (state.change.logger)
[2023-07-22 22:09:47,675] INFO [Broker id=0] Ignoring LeaderAndIsr request from controller 0 with correlation id 1 epoch 3 for partition __transaction_state-42 since its associated leader epoch 0 matches the current leader epoch (state.change.logger)
[2023-07-22 22:09:47,675] INFO [Broker id=0] Ignoring LeaderAndIsr request from controller 0 with correlation id 1 epoch 3 for partition __transaction_state-17 since its associated leader epoch 0 matches the current leader epoch (state.change.logger)
[2023-07-22 22:09:47,675] INFO [Broker id=0] Ignoring LeaderAndIsr request from controller 0 with correlation id 1 epoch 3 for partition __transaction_state-34 since its associated leader epoch 0 matches the current leader epoch (state.change.logger)
[2023-07-22 22:09:47,675] INFO [Broker id=0] Ignoring LeaderAndIsr request from controller 0 with correlation id 1 epoch 3 for partition __transaction_state-9 since its associated leader epoch 0 matches the current leader epoch (state.change.logger)
[2023-07-22 22:09:47,675] INFO [Broker id=0] Ignoring LeaderAndIsr request from controller 0 with correlation id 1 epoch 3 for partition __transaction_state-26 since its associated leader epoch 0 matches the current leader epoch (state.change.logger)
[2023-07-22 22:09:47,675] INFO [Broker id=0] Ignoring LeaderAndIsr request from controller 0 with correlation id 1 epoch 3 for partition __transaction_state-1 since its associated leader epoch 0 matches the current leader epoch (state.change.logger)
[2023-07-22 22:09:47,675] INFO [Broker id=0] Ignoring LeaderAndIsr request from controller 0 with correlation id 1 epoch 3 for partition __transaction_state-18 since its associated leader epoch 0 matches the current leader epoch (state.change.logger)
[2023-07-22 22:09:47,675] INFO [Broker id=0] Ignoring LeaderAndIsr request from controller 0 with correlation id 1 epoch 3 for partition __transaction_state-16 since its associated leader epoch 0 matches the current leader epoch (state.change.logger)
[2023-07-22 22:09:47,675] INFO [Broker id=0] Ignoring LeaderAndIsr request from controller 0 with correlation id 1 epoch 3 for partition __transaction_state-49 since its associated leader epoch 0 matches the current leader epoch (state.change.logger)
[2023-07-22 22:09:47,675] INFO [Broker id=0] Ignoring LeaderAndIsr request from controller 0 with correlation id 1 epoch 3 for partition __transaction_state-8 since its associated leader epoch 0 matches the current leader epoch (state.change.logger)
[2023-07-22 22:09:47,675] INFO [Broker id=0] Ignoring LeaderAndIsr request from controller 0 with correlation id 1 epoch 3 for partition __transaction_state-41 since its associated leader epoch 0 matches the current leader epoch (state.change.logger)
[2023-07-22 22:09:47,675] INFO [Broker id=0] Ignoring LeaderAndIsr request from controller 0 with correlation id 1 epoch 3 for partition __transaction_state-0 since its associated leader epoch 0 matches the current leader epoch (state.change.logger)
[2023-07-22 22:09:47,675] INFO [Broker id=0] Ignoring LeaderAndIsr request from controller 0 with correlation id 1 epoch 3 for partition __transaction_state-33 since its associated leader epoch 0 matches the current leader epoch (state.change.logger)
[2023-07-22 22:09:47,675] INFO [Broker id=0] Ignoring LeaderAndIsr request from controller 0 with correlation id 1 epoch 3 for partition __transaction_state-25 since its associated leader epoch 0 matches the current leader epoch (state.change.logger)
[2023-07-22 22:09:47,675] INFO [Broker id=0] Ignoring LeaderAndIsr request from controller 0 with correlation id 1 epoch 3 for partition __transaction_state-15 since its associated leader epoch 0 matches the current leader epoch (state.change.logger)
[2023-07-22 22:09:47,675] INFO [Broker id=0] Ignoring LeaderAndIsr request from controller 0 with correlation id 1 epoch 3 for partition __transaction_state-48 since its associated leader epoch 0 matches the current leader epoch (state.change.logger)
[2023-07-22 22:09:47,675] INFO [Broker id=0] Ignoring LeaderAndIsr request from controller 0 with correlation id 1 epoch 3 for partition __transaction_state-7 since its associated leader epoch 0 matches the current leader epoch (state.change.logger)
[2023-07-22 22:09:47,675] INFO [Broker id=0] Ignoring LeaderAndIsr request from controller 0 with correlation id 1 epoch 3 for partition __transaction_state-40 since its associated leader epoch 0 matches the current leader epoch (state.change.logger)
[2023-07-22 22:09:47,675] INFO [Broker id=0] Ignoring LeaderAndIsr request from controller 0 with correlation id 1 epoch 3 for partition __transaction_state-32 since its associated leader epoch 0 matches the current leader epoch (state.change.logger)
[2023-07-22 22:09:47,675] INFO [Broker id=0] Ignoring LeaderAndIsr request from controller 0 with correlation id 1 epoch 3 for partition __transaction_state-24 since its associated leader epoch 0 matches the current leader epoch (state.change.logger)
[2023-07-22 22:09:47,675] INFO [Broker id=0] Ignoring LeaderAndIsr request from controller 0 with correlation id 1 epoch 3 for partition __transaction_state-14 since its associated leader epoch 0 matches the current leader epoch (state.change.logger)
[2023-07-22 22:09:47,675] INFO [Broker id=0] Ignoring LeaderAndIsr request from controller 0 with correlation id 1 epoch 3 for partition __transaction_state-47 since its associated leader epoch 0 matches the current leader epoch (state.change.logger)
[2023-07-22 22:09:47,675] INFO [Broker id=0] Ignoring LeaderAndIsr request from controller 0 with correlation id 1 epoch 3 for partition __transaction_state-6 since its associated leader epoch 0 matches the current leader epoch (state.change.logger)
[2023-07-22 22:09:47,675] INFO [Broker id=0] Ignoring LeaderAndIsr request from controller 0 with correlation id 1 epoch 3 for partition __transaction_state-39 since its associated leader epoch 0 matches the current leader epoch (state.change.logger)
[2023-07-22 22:09:47,675] INFO [Broker id=0] Ignoring LeaderAndIsr request from controller 0 with correlation id 1 epoch 3 for partition __transaction_state-31 since its associated leader epoch 0 matches the current leader epoch (state.change.logger)
[2023-07-22 22:09:47,675] INFO [Broker id=0] Ignoring LeaderAndIsr request from controller 0 with correlation id 1 epoch 3 for partition __transaction_state-23 since its associated leader epoch 0 matches the current leader epoch (state.change.logger)
[2023-07-22 22:09:47,675] INFO [Broker id=0] Ignoring LeaderAndIsr request from controller 0 with correlation id 1 epoch 3 for partition __transaction_state-13 since its associated leader epoch 0 matches the current leader epoch (state.change.logger)
[2023-07-22 22:09:47,675] INFO [Broker id=0] Ignoring LeaderAndIsr request from controller 0 with correlation id 1 epoch 3 for partition __transaction_state-46 since its associated leader epoch 0 matches the current leader epoch (state.change.logger)
[2023-07-22 22:09:47,675] INFO [Broker id=0] Ignoring LeaderAndIsr request from controller 0 with correlation id 1 epoch 3 for partition __transaction_state-5 since its associated leader epoch 0 matches the current leader epoch (state.change.logger)
[2023-07-22 22:09:47,675] INFO [Broker id=0] Ignoring LeaderAndIsr request from controller 0 with correlation id 1 epoch 3 for partition __transaction_state-38 since its associated leader epoch 0 matches the current leader epoch (state.change.logger)
[2023-07-22 22:09:47,675] INFO [Broker id=0] Ignoring LeaderAndIsr request from controller 0 with correlation id 1 epoch 3 for partition __transaction_state-30 since its associated leader epoch 0 matches the current leader epoch (state.change.logger)
[2023-07-22 22:09:47,675] INFO [Broker id=0] Ignoring LeaderAndIsr request from controller 0 with correlation id 1 epoch 3 for partition __transaction_state-22 since its associated leader epoch 0 matches the current leader epoch (state.change.logger)
[2023-07-22 22:09:47,675] INFO [Broker id=0] Ignoring LeaderAndIsr request from controller 0 with correlation id 1 epoch 3 for partition __transaction_state-12 since its associated leader epoch 0 matches the current leader epoch (state.change.logger)
[2023-07-22 22:09:47,675] INFO [Broker id=0] Ignoring LeaderAndIsr request from controller 0 with correlation id 1 epoch 3 for partition __transaction_state-45 since its associated leader epoch 0 matches the current leader epoch (state.change.logger)
[2023-07-22 22:09:47,675] INFO [Broker id=0] Ignoring LeaderAndIsr request from controller 0 with correlation id 1 epoch 3 for partition __transaction_state-4 since its associated leader epoch 0 matches the current leader epoch (state.change.logger)
[2023-07-22 22:09:47,675] INFO [Broker id=0] Ignoring LeaderAndIsr request from controller 0 with correlation id 1 epoch 3 for partition __transaction_state-37 since its associated leader epoch 0 matches the current leader epoch (state.change.logger)
[2023-07-22 22:09:47,675] INFO [Broker id=0] Ignoring LeaderAndIsr request from controller 0 with correlation id 1 epoch 3 for partition __transaction_state-29 since its associated leader epoch 0 matches the current leader epoch (state.change.logger)
[2023-07-22 22:09:47,675] INFO [Broker id=0] Ignoring LeaderAndIsr request from controller 0 with correlation id 1 epoch 3 for partition __transaction_state-21 since its associated leader epoch 0 matches the current leader epoch (state.change.logger)
[2023-07-22 22:09:47,675] INFO [Broker id=0] Ignoring LeaderAndIsr request from controller 0 with correlation id 1 epoch 3 for partition __transaction_state-11 since its associated leader epoch 0 matches the current leader epoch (state.change.logger)
[2023-07-22 22:09:47,675] INFO [Broker id=0] Ignoring LeaderAndIsr request from controller 0 with correlation id 1 epoch 3 for partition __transaction_state-44 since its associated leader epoch 0 matches the current leader epoch (state.change.logger)
[2023-07-22 22:09:47,675] INFO [Broker id=0] Ignoring LeaderAndIsr request from controller 0 with correlation id 1 epoch 3 for partition __transaction_state-3 since its associated leader epoch 0 matches the current leader epoch (state.change.logger)
[2023-07-22 22:09:47,675] INFO [Broker id=0] Ignoring LeaderAndIsr request from controller 0 with correlation id 1 epoch 3 for partition __transaction_state-36 since its associated leader epoch 0 matches the current leader epoch (state.change.logger)
[2023-07-22 22:09:47,676] INFO [Broker id=0] Ignoring LeaderAndIsr request from controller 0 with correlation id 1 epoch 3 for partition __transaction_state-28 since its associated leader epoch 0 matches the current leader epoch (state.change.logger)
[2023-07-22 22:09:47,676] INFO [Broker id=0] Ignoring LeaderAndIsr request from controller 0 with correlation id 1 epoch 3 for partition __transaction_state-20 since its associated leader epoch 0 matches the current leader epoch (state.change.logger)
[2023-07-22 22:09:47,676] INFO [Broker id=0] Ignoring LeaderAndIsr request from controller 0 with correlation id 1 epoch 3 for partition __transaction_state-10 since its associated leader epoch 0 matches the current leader epoch (state.change.logger)
[2023-07-22 22:09:47,676] INFO [Broker id=0] Ignoring LeaderAndIsr request from controller 0 with correlation id 1 epoch 3 for partition __transaction_state-43 since its associated leader epoch 0 matches the current leader epoch (state.change.logger)
[2023-07-22 22:09:47,676] INFO [Broker id=0] Ignoring LeaderAndIsr request from controller 0 with correlation id 1 epoch 3 for partition __transaction_state-2 since its associated leader epoch 0 matches the current leader epoch (state.change.logger)
[2023-07-22 22:09:47,676] INFO [Broker id=0] Ignoring LeaderAndIsr request from controller 0 with correlation id 1 epoch 3 for partition __transaction_state-35 since its associated leader epoch 0 matches the current leader epoch (state.change.logger)
[2023-07-22 22:09:47,676] INFO [Broker id=0] Ignoring LeaderAndIsr request from controller 0 with correlation id 1 epoch 3 for partition __transaction_state-27 since its associated leader epoch 0 matches the current leader epoch (state.change.logger)
[2023-07-22 22:09:47,676] INFO [Broker id=0] Ignoring LeaderAndIsr request from controller 0 with correlation id 1 epoch 3 for partition __transaction_state-19 since its associated leader epoch 0 matches the current leader epoch (state.change.logger)
[2023-07-22 22:09:47,676] INFO [Broker id=0] Ignoring LeaderAndIsr request from controller 0 with correlation id 1 epoch 3 for partition SOURCE_DEFAULT_VALUE-0 since its associated leader epoch 0 matches the current leader epoch (state.change.logger)
[2023-07-22 22:09:47,676] INFO [Broker id=0] Ignoring LeaderAndIsr request from controller 0 with correlation id 1 epoch 3 for partition _confluent-command-0 since its associated leader epoch 0 matches the current leader epoch (state.change.logger)
[2023-07-22 22:09:47,676] INFO [Broker id=0] Ignoring LeaderAndIsr request from controller 0 with correlation id 1 epoch 3 for partition json_data-0 since its associated leader epoch 0 matches the current leader epoch (state.change.logger)
[2023-07-22 22:09:47,676] INFO [Broker id=0] Ignoring LeaderAndIsr request from controller 0 with correlation id 1 epoch 3 for partition _confluent-telemetry-metrics-10 since its associated leader epoch 0 matches the current leader epoch (state.change.logger)
[2023-07-22 22:09:47,676] INFO [Broker id=0] Ignoring LeaderAndIsr request from controller 0 with correlation id 1 epoch 3 for partition _confluent-telemetry-metrics-1 since its associated leader epoch 0 matches the current leader epoch (state.change.logger)
[2023-07-22 22:09:47,676] INFO [Broker id=0] Ignoring LeaderAndIsr request from controller 0 with correlation id 1 epoch 3 for partition _confluent-telemetry-metrics-9 since its associated leader epoch 0 matches the current leader epoch (state.change.logger)
[2023-07-22 22:09:47,676] INFO [Broker id=0] Ignoring LeaderAndIsr request from controller 0 with correlation id 1 epoch 3 for partition _confluent-telemetry-metrics-0 since its associated leader epoch 0 matches the current leader epoch (state.change.logger)
[2023-07-22 22:09:47,676] INFO [Broker id=0] Ignoring LeaderAndIsr request from controller 0 with correlation id 1 epoch 3 for partition _confluent-telemetry-metrics-8 since its associated leader epoch 0 matches the current leader epoch (state.change.logger)
[2023-07-22 22:09:47,676] INFO [Broker id=0] Ignoring LeaderAndIsr request from controller 0 with correlation id 1 epoch 3 for partition _confluent-telemetry-metrics-7 since its associated leader epoch 0 matches the current leader epoch (state.change.logger)
[2023-07-22 22:09:47,676] INFO [Broker id=0] Ignoring LeaderAndIsr request from controller 0 with correlation id 1 epoch 3 for partition _confluent-telemetry-metrics-6 since its associated leader epoch 0 matches the current leader epoch (state.change.logger)
[2023-07-22 22:09:47,676] INFO [Broker id=0] Ignoring LeaderAndIsr request from controller 0 with correlation id 1 epoch 3 for partition _confluent-telemetry-metrics-5 since its associated leader epoch 0 matches the current leader epoch (state.change.logger)
[2023-07-22 22:09:47,676] INFO [Broker id=0] Ignoring LeaderAndIsr request from controller 0 with correlation id 1 epoch 3 for partition _confluent-telemetry-metrics-4 since its associated leader epoch 0 matches the current leader epoch (state.change.logger)
[2023-07-22 22:09:47,676] INFO [Broker id=0] Ignoring LeaderAndIsr request from controller 0 with correlation id 1 epoch 3 for partition _confluent-telemetry-metrics-3 since its associated leader epoch 0 matches the current leader epoch (state.change.logger)
[2023-07-22 22:09:47,676] INFO [Broker id=0] Ignoring LeaderAndIsr request from controller 0 with correlation id 1 epoch 3 for partition _confluent-telemetry-metrics-11 since its associated leader epoch 0 matches the current leader epoch (state.change.logger)
[2023-07-22 22:09:47,676] INFO [Broker id=0] Ignoring LeaderAndIsr request from controller 0 with correlation id 1 epoch 3 for partition _confluent-telemetry-metrics-2 since its associated leader epoch 0 matches the current leader epoch (state.change.logger)
[2023-07-22 22:09:47,676] INFO [Broker id=0] Ignoring LeaderAndIsr request from controller 0 with correlation id 1 epoch 3 for partition __consumer_offsets-13 since its associated leader epoch 0 matches the current leader epoch (state.change.logger)
[2023-07-22 22:09:47,676] INFO [Broker id=0] Ignoring LeaderAndIsr request from controller 0 with correlation id 1 epoch 3 for partition __consumer_offsets-46 since its associated leader epoch 0 matches the current leader epoch (state.change.logger)
[2023-07-22 22:09:47,676] INFO [Broker id=0] Ignoring LeaderAndIsr request from controller 0 with correlation id 1 epoch 3 for partition __consumer_offsets-21 since its associated leader epoch 0 matches the current leader epoch (state.change.logger)
[2023-07-22 22:09:47,676] INFO [Broker id=0] Ignoring LeaderAndIsr request from controller 0 with correlation id 1 epoch 3 for partition __consumer_offsets-30 since its associated leader epoch 0 matches the current leader epoch (state.change.logger)
[2023-07-22 22:09:47,676] INFO [Broker id=0] Ignoring LeaderAndIsr request from controller 0 with correlation id 1 epoch 3 for partition __consumer_offsets-5 since its associated leader epoch 0 matches the current leader epoch (state.change.logger)
[2023-07-22 22:09:47,676] INFO [Broker id=0] Ignoring LeaderAndIsr request from controller 0 with correlation id 1 epoch 3 for partition __consumer_offsets-38 since its associated leader epoch 0 matches the current leader epoch (state.change.logger)
[2023-07-22 22:09:47,676] INFO [Broker id=0] Ignoring LeaderAndIsr request from controller 0 with correlation id 1 epoch 3 for partition __consumer_offsets-45 since its associated leader epoch 0 matches the current leader epoch (state.change.logger)
[2023-07-22 22:09:47,676] INFO [Broker id=0] Ignoring LeaderAndIsr request from controller 0 with correlation id 1 epoch 3 for partition __consumer_offsets-12 since its associated leader epoch 0 matches the current leader epoch (state.change.logger)
[2023-07-22 22:09:47,676] INFO [Broker id=0] Ignoring LeaderAndIsr request from controller 0 with correlation id 1 epoch 3 for partition __consumer_offsets-20 since its associated leader epoch 0 matches the current leader epoch (state.change.logger)
[2023-07-22 22:09:47,676] INFO [Broker id=0] Ignoring LeaderAndIsr request from controller 0 with correlation id 1 epoch 3 for partition __consumer_offsets-29 since its associated leader epoch 0 matches the current leader epoch (state.change.logger)
[2023-07-22 22:09:47,676] INFO [Broker id=0] Ignoring LeaderAndIsr request from controller 0 with correlation id 1 epoch 3 for partition __consumer_offsets-37 since its associated leader epoch 0 matches the current leader epoch (state.change.logger)
[2023-07-22 22:09:47,676] INFO [Broker id=0] Ignoring LeaderAndIsr request from controller 0 with correlation id 1 epoch 3 for partition __consumer_offsets-4 since its associated leader epoch 0 matches the current leader epoch (state.change.logger)
[2023-07-22 22:09:47,676] INFO [Broker id=0] Ignoring LeaderAndIsr request from controller 0 with correlation id 1 epoch 3 for partition __consumer_offsets-15 since its associated leader epoch 0 matches the current leader epoch (state.change.logger)
[2023-07-22 22:09:47,676] INFO [Broker id=0] Ignoring LeaderAndIsr request from controller 0 with correlation id 1 epoch 3 for partition __consumer_offsets-48 since its associated leader epoch 0 matches the current leader epoch (state.change.logger)
[2023-07-22 22:09:47,676] INFO [Broker id=0] Ignoring LeaderAndIsr request from controller 0 with correlation id 1 epoch 3 for partition __consumer_offsets-23 since its associated leader epoch 0 matches the current leader epoch (state.change.logger)
[2023-07-22 22:09:47,676] INFO [Broker id=0] Ignoring LeaderAndIsr request from controller 0 with correlation id 1 epoch 3 for partition __consumer_offsets-32 since its associated leader epoch 0 matches the current leader epoch (state.change.logger)
[2023-07-22 22:09:47,676] INFO [Broker id=0] Ignoring LeaderAndIsr request from controller 0 with correlation id 1 epoch 3 for partition __consumer_offsets-7 since its associated leader epoch 0 matches the current leader epoch (state.change.logger)
[2023-07-22 22:09:47,676] INFO [Broker id=0] Ignoring LeaderAndIsr request from controller 0 with correlation id 1 epoch 3 for partition __consumer_offsets-40 since its associated leader epoch 0 matches the current leader epoch (state.change.logger)
[2023-07-22 22:09:47,676] INFO [Broker id=0] Ignoring LeaderAndIsr request from controller 0 with correlation id 1 epoch 3 for partition __consumer_offsets-47 since its associated leader epoch 0 matches the current leader epoch (state.change.logger)
[2023-07-22 22:09:47,676] INFO [Broker id=0] Ignoring LeaderAndIsr request from controller 0 with correlation id 1 epoch 3 for partition __consumer_offsets-14 since its associated leader epoch 0 matches the current leader epoch (state.change.logger)
[2023-07-22 22:09:47,676] INFO [Broker id=0] Ignoring LeaderAndIsr request from controller 0 with correlation id 1 epoch 3 for partition __consumer_offsets-22 since its associated leader epoch 0 matches the current leader epoch (state.change.logger)
[2023-07-22 22:09:47,676] INFO [Broker id=0] Ignoring LeaderAndIsr request from controller 0 with correlation id 1 epoch 3 for partition __consumer_offsets-31 since its associated leader epoch 0 matches the current leader epoch (state.change.logger)
[2023-07-22 22:09:47,676] INFO [Broker id=0] Ignoring LeaderAndIsr request from controller 0 with correlation id 1 epoch 3 for partition __consumer_offsets-39 since its associated leader epoch 0 matches the current leader epoch (state.change.logger)
[2023-07-22 22:09:47,676] INFO [Broker id=0] Ignoring LeaderAndIsr request from controller 0 with correlation id 1 epoch 3 for partition __consumer_offsets-6 since its associated leader epoch 0 matches the current leader epoch (state.change.logger)
[2023-07-22 22:09:47,676] INFO [Broker id=0] Ignoring LeaderAndIsr request from controller 0 with correlation id 1 epoch 3 for partition __consumer_offsets-9 since its associated leader epoch 0 matches the current leader epoch (state.change.logger)
[2023-07-22 22:09:47,676] INFO [Broker id=0] Ignoring LeaderAndIsr request from controller 0 with correlation id 1 epoch 3 for partition __consumer_offsets-42 since its associated leader epoch 0 matches the current leader epoch (state.change.logger)
[2023-07-22 22:09:47,676] INFO [Broker id=0] Ignoring LeaderAndIsr request from controller 0 with correlation id 1 epoch 3 for partition __consumer_offsets-17 since its associated leader epoch 0 matches the current leader epoch (state.change.logger)
[2023-07-22 22:09:47,676] INFO [Broker id=0] Ignoring LeaderAndIsr request from controller 0 with correlation id 1 epoch 3 for partition __consumer_offsets-26 since its associated leader epoch 0 matches the current leader epoch (state.change.logger)
[2023-07-22 22:09:47,676] INFO [Broker id=0] Ignoring LeaderAndIsr request from controller 0 with correlation id 1 epoch 3 for partition __consumer_offsets-1 since its associated leader epoch 0 matches the current leader epoch (state.change.logger)
[2023-07-22 22:09:47,676] INFO [Broker id=0] Ignoring LeaderAndIsr request from controller 0 with correlation id 1 epoch 3 for partition __consumer_offsets-34 since its associated leader epoch 0 matches the current leader epoch (state.change.logger)
[2023-07-22 22:09:47,676] INFO [Broker id=0] Ignoring LeaderAndIsr request from controller 0 with correlation id 1 epoch 3 for partition __consumer_offsets-16 since its associated leader epoch 0 matches the current leader epoch (state.change.logger)
[2023-07-22 22:09:47,676] INFO [Broker id=0] Ignoring LeaderAndIsr request from controller 0 with correlation id 1 epoch 3 for partition __consumer_offsets-41 since its associated leader epoch 0 matches the current leader epoch (state.change.logger)
[2023-07-22 22:09:47,676] INFO [Broker id=0] Ignoring LeaderAndIsr request from controller 0 with correlation id 1 epoch 3 for partition __consumer_offsets-24 since its associated leader epoch 0 matches the current leader epoch (state.change.logger)
[2023-07-22 22:09:47,676] INFO [Broker id=0] Ignoring LeaderAndIsr request from controller 0 with correlation id 1 epoch 3 for partition __consumer_offsets-49 since its associated leader epoch 0 matches the current leader epoch (state.change.logger)
[2023-07-22 22:09:47,676] INFO [Broker id=0] Ignoring LeaderAndIsr request from controller 0 with correlation id 1 epoch 3 for partition __consumer_offsets-0 since its associated leader epoch 0 matches the current leader epoch (state.change.logger)
[2023-07-22 22:09:47,676] INFO [Broker id=0] Ignoring LeaderAndIsr request from controller 0 with correlation id 1 epoch 3 for partition __consumer_offsets-25 since its associated leader epoch 0 matches the current leader epoch (state.change.logger)
[2023-07-22 22:09:47,676] INFO [Broker id=0] Ignoring LeaderAndIsr request from controller 0 with correlation id 1 epoch 3 for partition __consumer_offsets-8 since its associated leader epoch 0 matches the current leader epoch (state.change.logger)
[2023-07-22 22:09:47,676] INFO [Broker id=0] Ignoring LeaderAndIsr request from controller 0 with correlation id 1 epoch 3 for partition __consumer_offsets-33 since its associated leader epoch 0 matches the current leader epoch (state.change.logger)
[2023-07-22 22:09:47,676] INFO [Broker id=0] Ignoring LeaderAndIsr request from controller 0 with correlation id 1 epoch 3 for partition __consumer_offsets-11 since its associated leader epoch 0 matches the current leader epoch (state.change.logger)
[2023-07-22 22:09:47,677] INFO [Broker id=0] Ignoring LeaderAndIsr request from controller 0 with correlation id 1 epoch 3 for partition __consumer_offsets-44 since its associated leader epoch 0 matches the current leader epoch (state.change.logger)
[2023-07-22 22:09:47,677] INFO [Broker id=0] Ignoring LeaderAndIsr request from controller 0 with correlation id 1 epoch 3 for partition __consumer_offsets-19 since its associated leader epoch 0 matches the current leader epoch (state.change.logger)
[2023-07-22 22:09:47,677] INFO [Broker id=0] Ignoring LeaderAndIsr request from controller 0 with correlation id 1 epoch 3 for partition __consumer_offsets-28 since its associated leader epoch 0 matches the current leader epoch (state.change.logger)
[2023-07-22 22:09:47,677] INFO [Broker id=0] Ignoring LeaderAndIsr request from controller 0 with correlation id 1 epoch 3 for partition __consumer_offsets-3 since its associated leader epoch 0 matches the current leader epoch (state.change.logger)
[2023-07-22 22:09:47,677] INFO [Broker id=0] Ignoring LeaderAndIsr request from controller 0 with correlation id 1 epoch 3 for partition __consumer_offsets-36 since its associated leader epoch 0 matches the current leader epoch (state.change.logger)
[2023-07-22 22:09:47,677] INFO [Broker id=0] Ignoring LeaderAndIsr request from controller 0 with correlation id 1 epoch 3 for partition __consumer_offsets-43 since its associated leader epoch 0 matches the current leader epoch (state.change.logger)
[2023-07-22 22:09:47,677] INFO [Broker id=0] Ignoring LeaderAndIsr request from controller 0 with correlation id 1 epoch 3 for partition __consumer_offsets-10 since its associated leader epoch 0 matches the current leader epoch (state.change.logger)
[2023-07-22 22:09:47,677] INFO [Broker id=0] Ignoring LeaderAndIsr request from controller 0 with correlation id 1 epoch 3 for partition __consumer_offsets-18 since its associated leader epoch 0 matches the current leader epoch (state.change.logger)
[2023-07-22 22:09:47,677] INFO [Broker id=0] Ignoring LeaderAndIsr request from controller 0 with correlation id 1 epoch 3 for partition __consumer_offsets-27 since its associated leader epoch 0 matches the current leader epoch (state.change.logger)
[2023-07-22 22:09:47,677] INFO [Broker id=0] Ignoring LeaderAndIsr request from controller 0 with correlation id 1 epoch 3 for partition __consumer_offsets-35 since its associated leader epoch 0 matches the current leader epoch (state.change.logger)
[2023-07-22 22:09:47,677] INFO [Broker id=0] Ignoring LeaderAndIsr request from controller 0 with correlation id 1 epoch 3 for partition __consumer_offsets-2 since its associated leader epoch 0 matches the current leader epoch (state.change.logger)
[2023-07-22 22:09:47,696] INFO [Broker id=0] Finished LeaderAndIsr request in 34ms correlationId 1 from controller 0 for 121 partitions (state.change.logger)
[2023-07-22 22:09:47,698] INFO [Controller id=0 epoch=3] Sending UpdateMetadata request to broker 0 for 121 partitions (state.change.logger)
[2023-07-22 22:09:47,707] INFO [Broker id=0] Add 121 partitions and deleted 0 partitions from metadata cache in response to UpdateMetadata request sent by controller 0 epoch 3 with correlation id 2 (state.change.logger)
